This file contains any messages produced by compilers while
running configure, to aid debugging if configure makes a mistake.

It was created by configure, which was
generated by GNU Autoconf 2.64.  Invocation command line was

  $ /home/sylee/Downloads/gdb-7.4/gdb/configure --cache-file=./config.cache --with-system-zlib --program-transform-name=s,y,y, --disable-option-checking --build=x86_64-unknown-linux-gnu --host=x86_64-unknown-linux-gnu --target=x86_64-unknown-linux-gnu --srcdir=.././gdb build_alias=x86_64-unknown-linux-gnu host_alias=x86_64-unknown-linux-gnu target_alias=x86_64-unknown-linux-gnu CC=gcc CFLAGS=-g -O2 LDFLAGS=  YACC=bison -y --no-create --no-recursion

## --------- ##
## Platform. ##
## --------- ##

hostname = ubuntu
uname -m = x86_64
uname -r = 3.8.0-29-generic
uname -s = Linux
uname -v = #42~precise1-Ubuntu SMP Wed Aug 14 16:19:23 UTC 2013

/usr/bin/uname -p = unknown
/bin/uname -X     = unknown

/bin/arch              = unknown
/usr/bin/arch -k       = unknown
/usr/convex/getsysinfo = unknown
/usr/bin/hostinfo      = unknown
/bin/machine           = unknown
/usr/bin/oslevel       = unknown
/bin/universe          = unknown

PATH: /home/sylee/ofgdb/bin
PATH: /usr/local/sbin
PATH: /usr/local/bin
PATH: /usr/sbin
PATH: /usr/bin
PATH: /sbin
PATH: /bin
PATH: /usr/games


## ----------- ##
## Core tests. ##
## ----------- ##

configure:2737: loading cache ./config.cache
configure:2831: checking whether to enable maintainer-specific portions of Makefiles
configure:2840: result: no
configure:2862: checking for x86_64-unknown-linux-gnu-gcc
configure:2889: result: gcc
configure:3158: checking for C compiler version
configure:3167: gcc --version >&5
gcc (Ubuntu/Linaro 4.6.3-1ubuntu5) 4.6.3
Copyright (C) 2011 Free Software Foundation, Inc.
This is free software; see the source for copying conditions.  There is NO
warranty; not even for MERCHANTABILITY or FITNESS FOR A PARTICULAR PURPOSE.

configure:3178: $? = 0
configure:3167: gcc -v >&5
Using built-in specs.
COLLECT_GCC=gcc
COLLECT_LTO_WRAPPER=/usr/lib/gcc/x86_64-linux-gnu/4.6/lto-wrapper
Target: x86_64-linux-gnu
Configured with: ../src/configure -v --with-pkgversion='Ubuntu/Linaro 4.6.3-1ubuntu5' --with-bugurl=file:///usr/share/doc/gcc-4.6/README.Bugs --enable-languages=c,c++,fortran,objc,obj-c++ --prefix=/usr --program-suffix=-4.6 --enable-shared --enable-linker-build-id --with-system-zlib --libexecdir=/usr/lib --without-included-gettext --enable-threads=posix --with-gxx-include-dir=/usr/include/c++/4.6 --libdir=/usr/lib --enable-nls --with-sysroot=/ --enable-clocale=gnu --enable-libstdcxx-debug --enable-libstdcxx-time=yes --enable-gnu-unique-object --enable-plugin --enable-objc-gc --disable-werror --with-arch-32=i686 --with-tune=generic --enable-checking=release --build=x86_64-linux-gnu --host=x86_64-linux-gnu --target=x86_64-linux-gnu
Thread model: posix
gcc version 4.6.3 (Ubuntu/Linaro 4.6.3-1ubuntu5) 
configure:3178: $? = 0
configure:3167: gcc -V >&5
gcc: error: unrecognized option '-V'
gcc: fatal error: no input files
compilation terminated.
configure:3178: $? = 4
configure:3167: gcc -qversion >&5
gcc: error: unrecognized option '-qversion'
gcc: fatal error: no input files
compilation terminated.
configure:3178: $? = 4
configure:3198: checking for C compiler default output file name
configure:3220: gcc -g -O2    conftest.c  >&5
configure:3224: $? = 0
configure:3261: result: a.out
configure:3277: checking whether the C compiler works
configure:3286: ./a.out
configure:3290: $? = 0
configure:3305: result: yes
configure:3312: checking whether we are cross compiling
configure:3314: result: no
configure:3317: checking for suffix of executables
configure:3324: gcc -o conftest -g -O2    conftest.c  >&5
configure:3328: $? = 0
configure:3350: result: 
configure:3356: checking for suffix of object files
configure:3403: result: o
configure:3407: checking whether we are using the GNU C compiler
configure:3435: result: yes
configure:3444: checking whether gcc accepts -g
configure:3505: result: yes
configure:3522: checking for gcc option to accept ISO C89
configure:3599: result: none needed
configure:3646: checking build system type
configure:3660: result: x86_64-unknown-linux-gnu
configure:3680: checking host system type
configure:3693: result: x86_64-unknown-linux-gnu
configure:3719: checking how to run the C preprocessor
configure:3789: result: gcc -E
configure:3809: gcc -E  conftest.c
configure:3809: $? = 0
configure:3823: gcc -E  conftest.c
conftest.c:9:28: fatal error: ac_nonexistent.h: No such file or directory
compilation terminated.
configure:3823: $? = 1
configure: failed program was:
| /* confdefs.h */
| #define PACKAGE_NAME ""
| #define PACKAGE_TARNAME ""
| #define PACKAGE_VERSION ""
| #define PACKAGE_STRING ""
| #define PACKAGE_BUGREPORT ""
| #define PACKAGE_URL ""
| /* end confdefs.h.  */
| #include <ac_nonexistent.h>
configure:3852: checking for grep that handles long lines and -e
configure:3910: result: /bin/grep
configure:3915: checking for egrep
configure:3977: result: /bin/grep -E
configure:3982: checking for ANSI C header files
configure:4086: result: yes
configure:4099: checking for sys/types.h
configure:4099: result: yes
configure:4099: checking for sys/stat.h
configure:4099: result: yes
configure:4099: checking for stdlib.h
configure:4099: result: yes
configure:4099: checking for string.h
configure:4099: result: yes
configure:4099: checking for memory.h
configure:4099: result: yes
configure:4099: checking for strings.h
configure:4099: result: yes
configure:4099: checking for inttypes.h
configure:4099: result: yes
configure:4099: checking for stdint.h
configure:4099: result: yes
configure:4099: checking for unistd.h
configure:4099: result: yes
configure:4115: checking for minix/config.h
configure:4115: result: no
configure:4144: checking whether it is safe to define __EXTENSIONS__
configure:4169: result: yes
configure:4186: checking for x86_64-unknown-linux-gnu-ranlib
configure:4213: result: ranlib
configure:4298: checking target system type
configure:4311: result: x86_64-unknown-linux-gnu
configure:4380: checking for special C compiler options needed for large files
configure:4425: result: no
configure:4431: checking for _FILE_OFFSET_BITS value needed for large files
configure:4488: result: no
configure:4575: checking for gcc option to accept ANSI C
configure:4643: result: none needed
configure:4698: checking dependency style of gcc
configure:4783: result: gcc3
configure:4797: checking for make
configure:4824: result: make
configure:4849: checking whether make sets $(MAKE)
configure:4871: result: yes
configure:4905: checking whether NLS is requested
configure:4911: result: yes
configure:4917: checking for catalogs to be installed
configure:4949: result: 
configure:4987: checking for sys/mman.h
configure:4987: result: yes
configure:4987: checking for stddef.h
configure:4987: result: yes
configure:4987: checking for stdint.h
configure:4987: result: yes
configure:4987: checking for wchar.h
configure:4987: result: yes
configure:4987: checking for string.h
configure:4987: result: yes
configure:5009: checking for mprotect
configure:5009: result: yes
configure:5009: checking for memchr
configure:5009: result: yes
configure:5105: checking for mmap
configure:5105: result: yes
configure:5116: checking for MAP_ANONYMOUS
configure:5153: result: yes
configure:5193: checking whether memchr works
configure:5263: result: yes
configure:5299: checking whether memmem is declared
configure:5299: result: yes
configure:5325: checking for memmem
configure:5325: result: yes
configure:5361: gcc -c -g -O2  conftest.c >&5
conftest.c:36:10: error: unknown type name 'not'
conftest.c:36:16: error: expected '=', ',', ';', 'asm' or '__attribute__' before 'universal'
conftest.c:36:16: error: unknown type name 'universal'
configure:5361: $? = 1
configure: failed program was:
| /* confdefs.h */
| #define PACKAGE_NAME ""
| #define PACKAGE_TARNAME ""
| #define PACKAGE_VERSION ""
| #define PACKAGE_STRING ""
| #define PACKAGE_BUGREPORT ""
| #define PACKAGE_URL ""
| #define STDC_HEADERS 1
| #define HAVE_SYS_TYPES_H 1
| #define HAVE_SYS_STAT_H 1
| #define HAVE_STDLIB_H 1
| #define HAVE_STRING_H 1
| #define HAVE_MEMORY_H 1
| #define HAVE_STRINGS_H 1
| #define HAVE_INTTYPES_H 1
| #define HAVE_STDINT_H 1
| #define HAVE_UNISTD_H 1
| #define __EXTENSIONS__ 1
| #define _ALL_SOURCE 1
| #define _GNU_SOURCE 1
| #define _POSIX_PTHREAD_SEMANTICS 1
| #define _TANDEM_SOURCE 1
| #define ENABLE_NLS 1
| #define HAVE_SYS_MMAN_H 1
| #define HAVE_STDDEF_H 1
| #define HAVE_STDINT_H 1
| #define HAVE_WCHAR_H 1
| #define HAVE_STRING_H 1
| #define HAVE_MPROTECT 1
| #define HAVE_MEMCHR 1
| #define HAVE_MAP_ANONYMOUS 1
| #define HAVE_DECL_MEMMEM 1
| #define HAVE_MEMMEM 1
| /* end confdefs.h.  */
| #ifndef __APPLE_CC__
|          not a universal capable compiler
|         #endif
|         typedef int dummy;
| 
configure:5402: checking for wchar_t
configure:5426: result: yes
configure:5436: checking whether the preprocessor supports include_next
configure:5495: result: yes
configure:5523: checking for long long int
configure:5605: result: yes
configure:5614: checking for unsigned long long int
configure:5659: result: yes
configure:5677: checking for C/C++ restrict keyword
configure:5710: result: __restrict
configure:5794: checking whether memmem is declared without a macro
configure:5820: result: yes
configure:5794: checking whether mempcpy is declared without a macro
configure:5820: result: yes
configure:5794: checking whether memrchr is declared without a macro
configure:5820: result: yes
configure:5794: checking whether rawmemchr is declared without a macro
configure:5820: result: yes
configure:5794: checking whether stpcpy is declared without a macro
configure:5820: result: yes
configure:5794: checking whether stpncpy is declared without a macro
configure:5820: result: yes
configure:5794: checking whether strchrnul is declared without a macro
configure:5820: result: yes
configure:5794: checking whether strdup is declared without a macro
configure:5820: result: yes
configure:5794: checking whether strncat is declared without a macro
configure:5820: result: yes
configure:5794: checking whether strndup is declared without a macro
configure:5820: result: yes
configure:5794: checking whether strnlen is declared without a macro
configure:5820: result: yes
configure:5794: checking whether strpbrk is declared without a macro
configure:5820: result: yes
configure:5794: checking whether strsep is declared without a macro
configure:5820: result: yes
configure:5794: checking whether strcasestr is declared without a macro
configure:5820: result: yes
configure:5794: checking whether strtok_r is declared without a macro
configure:5820: result: yes
configure:5794: checking whether strsignal is declared without a macro
configure:5820: result: yes
configure:5794: checking whether strverscmp is declared without a macro
configure:5820: result: yes
configure:5870: checking whether <wchar.h> uses 'inline' correctly
configure:5915: result: yes
configure:5930: checking for wint_t
configure:5962: result: yes
configure:6014: checking whether memmem works in linear time
configure:6092: result: yes
configure:6124: checking for memmem
configure:6124: result: yes
configure:6171: checking whether NULL can be used in arbitrary expressions
configure:6196: result: yes
configure:6363: checking whether stdint.h conforms to C99
configure:6626: result: yes
configure:7059: checking whether btowc is declared without a macro
configure:7092: result: yes
configure:7059: checking whether wctob is declared without a macro
configure:7092: result: yes
configure:7059: checking whether mbsinit is declared without a macro
configure:7092: result: yes
configure:7059: checking whether mbrtowc is declared without a macro
configure:7092: result: yes
configure:7059: checking whether mbrlen is declared without a macro
configure:7092: result: yes
configure:7059: checking whether mbsrtowcs is declared without a macro
configure:7092: result: yes
configure:7059: checking whether mbsnrtowcs is declared without a macro
configure:7092: result: yes
configure:7059: checking whether wcrtomb is declared without a macro
configure:7092: result: yes
configure:7059: checking whether wcsrtombs is declared without a macro
configure:7092: result: yes
configure:7059: checking whether wcsnrtombs is declared without a macro
configure:7092: result: yes
configure:7059: checking whether wcwidth is declared without a macro
configure:7092: result: yes
configure:7165: checking for makeinfo
configure:7192: result: makeinfo --split-size=5000000
configure:7217: checking whether makeinfo --split-size=5000000 supports @click
configure:7229: result: yes
configure:7254: checking for a BSD-compatible install
configure:7322: result: /usr/bin/install -c
configure:7333: checking whether build environment is sane
configure:7383: result: yes
configure:7524: checking for a thread-safe mkdir -p
configure:7563: result: /bin/mkdir -p
configure:7577: checking for gawk
configure:7604: result: mawk
configure:7625: checking for style of include used by make
configure:7653: result: GNU
configure:7729: checking dependency style of gcc
configure:7839: result: gcc3
configure:8241: checking for libunwind.h
configure:8241: result: no
configure:8241: checking for libunwind-ia64.h
configure:8241: result: no
configure:8312: checking for monstartup
configure:8312: result: yes
configure:8312: checking for _mcleanup
configure:8312: result: yes
configure:8322: checking for _etext
configure:8348: result: yes
configure:8355: checking for etext
configure:8381: result: yes
configure:8493: checking for gawk
configure:8520: result: mawk
configure:8532: checking whether ln -s works
configure:8536: result: yes
configure:8546: checking for x86_64-unknown-linux-gnu-ranlib
configure:8573: result: ranlib
configure:8639: checking for bison
configure:8666: result: bison -y
configure:8682: checking for x86_64-unknown-linux-gnu-ar
configure:8709: result: ar
configure:8774: checking for x86_64-unknown-linux-gnu-dlltool
configure:8801: result: dlltool
configure:8866: checking for x86_64-unknown-linux-gnu-windres
configure:8893: result: windres
configure:8960: checking for x86_64-unknown-linux-gnu-mig
configure:8990: result: no
configure:9000: checking for mig
configure:9030: result: no
configure:9055: checking for main in -lm
configure:9083: result: yes
configure:9099: checking for wctype
configure:9099: result: yes
configure:9152: checking for library containing gethostbyname
configure:9200: result: none required
configure:9210: checking for library containing socketpair
configure:9258: result: none required
configure:9280: checking for library containing zlibVersion
configure:9328: result: no
configure:9354: checking for library containing dlgetmodinfo
configure:9402: result: no
configure:9428: checking for iconv
configure:9535: result: yes
configure:9559: checking for iconv declaration
configure:9599: result: install-shextern size_t iconv (iconv_t cd, char * *inbuf, size_t *inbytesleft, char * *outbuf, size_t *outbytesleft);
configure:9702: checking for library containing waddstr
configure:9750: result: -lncurses
configure:9808: checking for library containing tgetent
configure:9856: result: none required
configure:9901: checking size of unsigned long long
configure:9921: result: 8
configure:9935: checking size of unsigned long
configure:9955: result: 8
configure:9969: checking size of unsigned __int128
configure:9989: result: 16
configure:10014: checking for library containing dlopen
configure:10062: result: -ldl
configure:10126: checking whether to use expat
configure:10128: result: auto
configure:10176: checking for ld used by GCC
configure:10239: result: ld
configure:10246: checking if the linker (ld) is GNU ld
configure:10258: result: yes
configure:10264: checking for shared library run path origin
configure:10277: result: done
configure:10704: checking for libexpat
configure:10733: result: no
configure:10760: WARNING: expat is missing or unusable; some features may be unavailable.
configure:10793: checking whether to use python
configure:10795: result: auto
configure:10844: checking for python
configure:10875: result: /usr/bin/python
configure:11013: checking for python2.7
configure:11031: gcc -o conftest -g -O2   -I/usr/include/python2.7 -I/usr/include/python2.7   conftest.c -ldl -lncurses -lm    -L/usr/lib/python2.7/config -lpthread -ldl -lutil -lm -lpython2.7 -Xlinker -export-dynamic -Wl,-O1 -Wl,-Bsymbolic-functions >&5
conftest.c:92:20: fatal error: Python.h: No such file or directory
compilation terminated.
configure:11031: $? = 1
configure: failed program was:
| /* confdefs.h */
| #define PACKAGE_NAME ""
| #define PACKAGE_TARNAME ""
| #define PACKAGE_VERSION ""
| #define PACKAGE_STRING ""
| #define PACKAGE_BUGREPORT ""
| #define PACKAGE_URL ""
| #define STDC_HEADERS 1
| #define HAVE_SYS_TYPES_H 1
| #define HAVE_SYS_STAT_H 1
| #define HAVE_STDLIB_H 1
| #define HAVE_STRING_H 1
| #define HAVE_MEMORY_H 1
| #define HAVE_STRINGS_H 1
| #define HAVE_INTTYPES_H 1
| #define HAVE_STDINT_H 1
| #define HAVE_UNISTD_H 1
| #define __EXTENSIONS__ 1
| #define _ALL_SOURCE 1
| #define _GNU_SOURCE 1
| #define _POSIX_PTHREAD_SEMANTICS 1
| #define _TANDEM_SOURCE 1
| #define ENABLE_NLS 1
| #define HAVE_SYS_MMAN_H 1
| #define HAVE_STDDEF_H 1
| #define HAVE_STDINT_H 1
| #define HAVE_WCHAR_H 1
| #define HAVE_STRING_H 1
| #define HAVE_MPROTECT 1
| #define HAVE_MEMCHR 1
| #define HAVE_MAP_ANONYMOUS 1
| #define HAVE_DECL_MEMMEM 1
| #define HAVE_MEMMEM 1
| #define HAVE_WCHAR_T 1
| #define HAVE_LONG_LONG_INT 1
| #define HAVE_UNSIGNED_LONG_LONG_INT 1
| #define restrict __restrict
| #define HAVE_RAW_DECL_MEMMEM 1
| #define HAVE_RAW_DECL_MEMPCPY 1
| #define HAVE_RAW_DECL_MEMRCHR 1
| #define HAVE_RAW_DECL_RAWMEMCHR 1
| #define HAVE_RAW_DECL_STPCPY 1
| #define HAVE_RAW_DECL_STPNCPY 1
| #define HAVE_RAW_DECL_STRCHRNUL 1
| #define HAVE_RAW_DECL_STRDUP 1
| #define HAVE_RAW_DECL_STRNCAT 1
| #define HAVE_RAW_DECL_STRNDUP 1
| #define HAVE_RAW_DECL_STRNLEN 1
| #define HAVE_RAW_DECL_STRPBRK 1
| #define HAVE_RAW_DECL_STRSEP 1
| #define HAVE_RAW_DECL_STRCASESTR 1
| #define HAVE_RAW_DECL_STRTOK_R 1
| #define HAVE_RAW_DECL_STRSIGNAL 1
| #define HAVE_RAW_DECL_STRVERSCMP 1
| #define HAVE_WINT_T 1
| #define GNULIB_TEST_MEMCHR 1
| #define HAVE_MEMMEM 1
| #define GNULIB_TEST_MEMMEM 1
| #define HAVE_RAW_DECL_BTOWC 1
| #define HAVE_RAW_DECL_WCTOB 1
| #define HAVE_RAW_DECL_MBSINIT 1
| #define HAVE_RAW_DECL_MBRTOWC 1
| #define HAVE_RAW_DECL_MBRLEN 1
| #define HAVE_RAW_DECL_MBSRTOWCS 1
| #define HAVE_RAW_DECL_MBSNRTOWCS 1
| #define HAVE_RAW_DECL_WCRTOMB 1
| #define HAVE_RAW_DECL_WCSRTOMBS 1
| #define HAVE_RAW_DECL_WCSNRTOMBS 1
| #define HAVE_RAW_DECL_WCWIDTH 1
| #define PACKAGE "gdb"
| #define DEBUGDIR "/usr/local/lib/debug"
| #define DEBUGDIR_RELOCATABLE 1
| #define GDB_DATADIR "/usr/local/share/gdb"
| #define GDB_DATADIR_RELOCATABLE 1
| #define DEFAULT_BFD_ARCH bfd_i386_arch
| #define DEFAULT_BFD_VEC bfd_elf64_x86_64_vec
| #define HAVE_MONSTARTUP 1
| #define HAVE__MCLEANUP 1
| #define HAVE__ETEXT 1
| #define HAVE_ETEXT 1
| #define PKGVERSION "(GDB) "
| #define REPORT_BUGS_TO "<http://www.gnu.org/software/gdb/bugs/>"
| #define HAVE_LIBM 1
| #define HAVE_ICONV 1
| #define ICONV_CONST 
| #define SIZEOF_UNSIGNED_LONG_LONG 8
| #define SIZEOF_UNSIGNED_LONG 8
| #define SIZEOF_UNSIGNED___INT128 16
| #define JIT_READER_DIR "/usr/local/lib/gdb"
| #define JIT_READER_DIR_RELOCATABLE 1
| /* end confdefs.h.  */
| #include "Python.h"
| int
| main ()
| {
| Py_Initialize ();
|   ;
|   return 0;
| }
configure:11041: result: no
configure:11227: WARNING: python is missing or unusable; some features may be unavailable.
configure:11347: checking for dirent.h that defines DIR
configure:11374: result: yes
configure:11388: checking for library containing opendir
configure:11436: result: none required
configure:11503: checking whether stat file-mode macros are broken
configure:11537: result: no
configure:11545: checking for ANSI C header files
configure:11649: result: yes
configure:11671: checking for nlist.h
configure:11671: result: no
configure:11671: checking for machine/reg.h
configure:11671: result: no
configure:11671: checking for poll.h
configure:11671: result: yes
configure:11671: checking for sys/poll.h
configure:11671: result: yes
configure:11671: checking for proc_service.h
configure:11671: result: no
configure:11671: checking for thread_db.h
configure:11671: result: yes
configure:11671: checking for gnu/libc-version.h
configure:11671: result: yes
configure:11671: checking for signal.h
configure:11671: result: yes
configure:11671: checking for stddef.h
configure:11671: result: yes
configure:11671: checking for stdlib.h
configure:11671: result: yes
configure:11671: checking for string.h
configure:11671: result: yes
configure:11671: checking for memory.h
configure:11671: result: yes
configure:11671: checking for strings.h
configure:11671: result: yes
configure:11671: checking for sys/fault.h
configure:11671: result: no
configure:11671: checking for sys/file.h
configure:11671: result: yes
configure:11671: checking for sys/filio.h
configure:11671: result: no
configure:11671: checking for sys/ioctl.h
configure:11671: result: yes
configure:11671: checking for sys/param.h
configure:11671: result: yes
configure:11671: checking for sys/resource.h
configure:11671: result: yes
configure:11671: checking for sys/procfs.h
configure:11671: result: yes
configure:11671: checking for sys/ptrace.h
configure:11671: result: yes
configure:11671: checking for ptrace.h
configure:11671: result: no
configure:11671: checking for sys/reg.h
configure:11671: result: yes
configure:11671: checking for sys/debugreg.h
configure:11671: result: yes
configure:11671: checking for sys/select.h
configure:11671: result: yes
configure:11671: checking for sys/syscall.h
configure:11671: result: yes
configure:11671: checking for sys/types.h
configure:11671: result: yes
configure:11671: checking for sys/wait.h
configure:11671: result: yes
configure:11671: checking for wait.h
configure:11671: result: yes
configure:11671: checking for termios.h
configure:11671: result: yes
configure:11671: checking for termio.h
configure:11671: result: yes
configure:11671: checking for sgtty.h
configure:11671: result: yes
configure:11671: checking for unistd.h
configure:11671: result: yes
configure:11671: checking for elf_hp.h
configure:11671: result: no
configure:11671: checking for ctype.h
configure:11671: result: yes
configure:11671: checking for time.h
configure:11671: result: yes
configure:11671: checking for locale.h
configure:11671: result: yes
configure:11671: checking for dlfcn.h
configure:11671: result: yes
configure:11684: checking for link.h
configure:11684: result: yes
configure:11703: checking for sys/proc.h
configure:11703: result: no
configure:11719: checking for sys/user.h
configure:11719: result: yes
configure:11748: checking for curses.h
configure:11748: result: yes
configure:11748: checking for cursesX.h
configure:11748: result: no
configure:11748: checking for ncurses.h
configure:11748: result: yes
configure:11748: checking for ncurses/ncurses.h
configure:11748: result: no
configure:11748: checking for ncurses/term.h
configure:11748: result: no
configure:11761: checking for term.h
configure:11761: result: yes
configure:11780: checking whether free is declared
configure:11780: result: yes
configure:11790: checking whether malloc is declared
configure:11790: result: yes
configure:11800: checking whether realloc is declared
configure:11800: result: yes
configure:11810: checking whether strerror is declared
configure:11810: result: yes
configure:11820: checking whether strstr is declared
configure:11820: result: yes
configure:11830: checking whether getopt is declared
configure:11830: result: yes
configure:11840: checking whether snprintf is declared
configure:11840: result: yes
configure:11850: checking whether vsnprintf is declared
configure:11850: result: yes
configure:11862: checking for LC_MESSAGES
configure:11886: result: yes
configure:11899: checking for struct stat.st_blocks
configure:11899: result: yes
configure:11908: checking for struct stat.st_blksize
configure:11908: result: yes
configure:11923: checking return type of signal handlers
configure:11948: result: void
configure:11956: checking for socklen_t
configure:11956: result: yes
configure:11974: checking for an ANSI C-conforming const
configure:12046: result: yes
configure:12054: checking for inline
configure:12078: result: inline
configure:12096: checking whether byte ordering is bigendian
configure:12302: result: no
configure:12327: checking for working alloca.h
configure:12352: result: yes
configure:12360: checking for alloca
configure:12405: result: yes
configure:12518: checking for stdlib.h
configure:12518: result: yes
configure:12518: checking for unistd.h
configure:12518: result: yes
configure:12531: checking for getpagesize
configure:12531: result: yes
configure:12540: checking for working mmap
configure:12687: result: yes
configure:12696: checking for pid_t
configure:12696: result: yes
configure:12709: checking for vfork.h
configure:12709: result: no
configure:12722: checking for fork
configure:12722: result: yes
configure:12722: checking for vfork
configure:12722: result: yes
configure:12733: checking for working fork
configure:12765: result: yes
configure:12786: checking for working vfork
configure:12896: result: yes
configure:12928: checking for canonicalize_file_name
configure:12928: result: yes
configure:12928: checking for realpath
configure:12928: result: yes
configure:12928: checking for getrusage
configure:12928: result: yes
configure:12928: checking for getuid
configure:12928: result: yes
configure:12928: checking for getgid
configure:12928: result: yes
configure:12928: checking for pipe
configure:12928: result: yes
configure:12928: checking for poll
configure:12928: result: yes
configure:12928: checking for pread64
configure:12928: result: yes
configure:12928: checking for resize_term
configure:12928: result: yes
configure:12928: checking for sbrk
configure:12928: result: yes
configure:12928: checking for setpgid
configure:12928: result: yes
configure:12928: checking for setpgrp
configure:12928: result: yes
configure:12928: checking for setsid
configure:12928: result: yes
configure:12928: checking for sigaction
configure:12928: result: yes
configure:12928: checking for sigprocmask
configure:12928: result: yes
configure:12928: checking for sigsetmask
configure:12928: result: yes
configure:12928: checking for socketpair
configure:12928: result: yes
configure:12928: checking for syscall
configure:12928: result: yes
configure:12928: checking for ttrace
configure:12928: result: no
configure:12928: checking for wborder
configure:12928: result: yes
configure:12928: checking for wresize
configure:12928: result: yes
configure:12928: checking for setlocale
configure:12928: result: yes
configure:12928: checking for iconvlist
configure:12928: result: no
configure:12928: checking for libiconvlist
configure:12928: result: no
configure:12928: checking for btowc
configure:12928: result: yes
configure:12928: checking for setrlimit
configure:12928: result: yes
configure:12928: checking for getrlimit
configure:12928: result: yes
configure:12928: checking for posix_madvise
configure:12928: result: yes
configure:12928: checking for waitpid
configure:12928: result: yes
configure:12939: checking for nl_langinfo and CODESET
configure:12964: result: yes
configure:12987: checking whether ptrace is declared
configure:12987: result: yes
configure:13009: checking return type of ptrace
configure:13048: result: long
configure:13056: checking types of arguments for ptrace
configure:13132: result: int,int,long,long
configure:13152: checking whether setpgrp takes no argument
configure:13184: result: yes
configure:13233: checking for sigsetjmp
configure:13258: result: yes
configure:13271: checking for GNU regex
configure:13297: result: yes
configure:13318: checking for struct thread.td_pcb
configure:13318: result: no
configure:13333: checking for struct lwp
configure:13357: result: no
configure:13366: checking for struct reg in machine/reg.h
configure:13390: result: no
configure:13400: checking for struct reg.r_fs
configure:13400: result: no
configure:13410: checking for struct reg.r_gs
configure:13410: result: no
configure:13423: checking for PTRACE_GETREGS
configure:13447: result: yes
configure:13456: checking for PTRACE_GETFPXREGS
configure:13480: result: yes
configure:13489: checking for PT_GETDBREGS
configure:13514: result: no
configure:13523: checking for PT_GETXMMREGS
configure:13548: result: no
configure:13580: checking for pstatus_t in sys/procfs.h
configure:13614: result: no
configure:13617: checking for prrun_t in sys/procfs.h
configure:13651: result: no
configure:13654: checking for gregset_t in sys/procfs.h
configure:13688: result: no
configure:13691: checking for fpregset_t in sys/procfs.h
configure:13725: result: no
configure:13728: checking for prgregset_t in sys/procfs.h
configure:13762: result: yes
configure:13765: checking for prfpregset_t in sys/procfs.h
configure:13799: result: yes
configure:13802: checking for prgregset32_t in sys/procfs.h
configure:13836: result: no
configure:13839: checking for prfpregset32_t in sys/procfs.h
configure:13873: result: no
configure:13876: checking for lwpid_t in sys/procfs.h
configure:13910: result: yes
configure:13913: checking for psaddr_t in sys/procfs.h
configure:13947: result: yes
configure:13950: checking for prsysent_t in sys/procfs.h
configure:13984: result: no
configure:13987: checking for pr_sigset_t in sys/procfs.h
configure:14021: result: no
configure:14024: checking for pr_sigaction64_t in sys/procfs.h
configure:14058: result: no
configure:14061: checking for pr_siginfo64_t in sys/procfs.h
configure:14095: result: no
configure:14103: checking whether prfpregset_t type is broken
configure:14132: result: no
configure:14142: checking for PIOCSET ioctl entry in sys/procfs.h
configure:14172: result: no
configure:14183: checking for member l_addr in struct link_map
configure:14207: result: yes
configure:14216: checking for member lm_addr in struct link_map
configure:14241: result: no
configure:14250: checking for member som_addr in struct so_map
configure:14278: result: no
configure:14287: checking for struct link_map32 in sys/link.h
configure:14312: result: no
configure:14326: checking for long long support in compiler
configure:14349: result: yes
configure:14359: checking for long long support in printf
configure:14395: result: yes
configure:14405: checking for decfloat support in printf
configure:14439: result: no
configure:14452: checking for long double support in compiler
configure:14468: result: yes
configure:14478: checking for long double support in printf
configure:14510: result: yes
configure:14520: checking for long double support in scanf
configure:14552: result: yes
configure:14603: checking for the dynamic export flag
configure:14626: gcc -o conftest -g -O2     -Wl,--dynamic-list=./proc-service.list conftest.c -ldl -lncurses -lm    >&5
configure:14626: $? = 0
configure:14675: result: -Wl,--dynamic-list
configure:14842: checking whether <thread_db.h> has TD_NOTALLOC
configure:14867: result: yes
configure:14869: checking whether <thread_db.h> has TD_VERSION
configure:14894: result: yes
configure:14896: checking whether <thread_db.h> has TD_NOTLS
configure:14921: result: yes
configure:14941: checking whether <sys/syscall.h> has __NR_tkill
configure:14966: result: yes
configure:14975: checking whether ADDR_NO_RANDOMIZE is declared
configure:14975: result: yes
configure:15033: gcc -o conftest -g -O2     conftest.c -ldl -lncurses -lm    >&5
configure:15033: $? = 0
configure:15033: ./conftest
configure:15033: $? = 0
configure:15203: checking compiler warning flags
configure:15224: gcc -c -g -O2 -Wall   conftest.c >&5
configure:15224: $? = 0
configure:15224: gcc -c -g -O2 -Wdeclaration-after-statement   conftest.c >&5
configure:15224: $? = 0
configure:15224: gcc -c -g -O2 -Wpointer-arith   conftest.c >&5
configure:15224: $? = 0
configure:15224: gcc -c -g -O2 -Wformat-nonliteral   conftest.c >&5
configure:15224: $? = 0
configure:15224: gcc -c -g -O2 -Wno-pointer-sign   conftest.c >&5
configure:15224: $? = 0
configure:15224: gcc -c -g -O2 -Wno-unused   conftest.c >&5
configure:15224: $? = 0
configure:15224: gcc -c -g -O2 -Wunused-value   conftest.c >&5
configure:15224: $? = 0
configure:15224: gcc -c -g -O2 -Wunused-function   conftest.c >&5
configure:15224: $? = 0
configure:15224: gcc -c -g -O2 -Wno-switch   conftest.c >&5
configure:15224: $? = 0
configure:15224: gcc -c -g -O2 -Wno-char-subscripts   conftest.c >&5
configure:15224: $? = 0
configure:15231: result:  -Wall -Wdeclaration-after-statement -Wpointer-arith -Wformat-nonliteral -Wno-pointer-sign -Wno-unused -Wunused-value -Wunused-function -Wno-switch -Wno-char-subscripts 
configure:15238: checking for cygwin
configure:15259: result: no
configure:15304: checking for ELF support in BFD
configure:15331: result: yes
configure:15875: checking for X
configure:16053: result: no
configure:16203: checking whether gdbserver is supported on this host
configure:16206: result: yes
configure:16428: creating ./config.status

## ---------------- ##
## Cache variables. ##
## ---------------- ##

ac_cv_build=x86_64-unknown-linux-gnu
ac_cv_c_bigendian=no
ac_cv_c_compiler_gnu=yes
ac_cv_c_const=yes
ac_cv_c_inline=inline
ac_cv_c_restrict=__restrict
ac_cv_env_CC_set=set
ac_cv_env_CC_value=gcc
ac_cv_env_CFLAGS_set=set
ac_cv_env_CFLAGS_value='-g -O2'
ac_cv_env_CPPFLAGS_set=
ac_cv_env_CPPFLAGS_value=
ac_cv_env_CPP_set=
ac_cv_env_CPP_value=
ac_cv_env_LDFLAGS_set=set
ac_cv_env_LDFLAGS_value=' '
ac_cv_env_LIBS_set=
ac_cv_env_LIBS_value=
ac_cv_env_XMKMF_set=
ac_cv_env_XMKMF_value=
ac_cv_env_YACC_set=set
ac_cv_env_YACC_value='bison -y'
ac_cv_env_YFLAGS_set=
ac_cv_env_YFLAGS_value=
ac_cv_env_build_alias_set=set
ac_cv_env_build_alias_value=x86_64-unknown-linux-gnu
ac_cv_env_host_alias_set=set
ac_cv_env_host_alias_value=x86_64-unknown-linux-gnu
ac_cv_env_target_alias_set=set
ac_cv_env_target_alias_value=x86_64-unknown-linux-gnu
ac_cv_func__mcleanup=yes
ac_cv_func_alloca_works=yes
ac_cv_func_btowc=yes
ac_cv_func_canonicalize_file_name=yes
ac_cv_func_dladdr=yes
ac_cv_func_fork=yes
ac_cv_func_fork_works=yes
ac_cv_func_getgid=yes
ac_cv_func_getpagesize=yes
ac_cv_func_getrlimit=yes
ac_cv_func_getrusage=yes
ac_cv_func_getuid=yes
ac_cv_func_iconvlist=no
ac_cv_func_libiconvlist=no
ac_cv_func_memchr=yes
ac_cv_func_memmem=yes
ac_cv_func_mmap=yes
ac_cv_func_mmap_fixed_mapped=yes
ac_cv_func_monstartup=yes
ac_cv_func_mprotect=yes
ac_cv_func_pipe=yes
ac_cv_func_poll=yes
ac_cv_func_posix_madvise=yes
ac_cv_func_pread64=yes
ac_cv_func_pread=yes
ac_cv_func_pwrite=yes
ac_cv_func_realpath=yes
ac_cv_func_resize_term=yes
ac_cv_func_sbrk=yes
ac_cv_func_setlocale=yes
ac_cv_func_setpgid=yes
ac_cv_func_setpgrp=yes
ac_cv_func_setpgrp_void=yes
ac_cv_func_setrlimit=yes
ac_cv_func_setsid=yes
ac_cv_func_sigaction=yes
ac_cv_func_sigprocmask=yes
ac_cv_func_sigsetmask=yes
ac_cv_func_socketpair=yes
ac_cv_func_syscall=yes
ac_cv_func_ttrace=no
ac_cv_func_vasprintf=yes
ac_cv_func_vfork=yes
ac_cv_func_vfork_works=yes
ac_cv_func_vsnprintf=yes
ac_cv_func_waitpid=yes
ac_cv_func_wborder=yes
ac_cv_func_wctype=yes
ac_cv_func_wresize=yes
ac_cv_have_decl_ADDR_NO_RANDOMIZE=yes
ac_cv_have_decl_btowc=yes
ac_cv_have_decl_free=yes
ac_cv_have_decl_getopt=yes
ac_cv_have_decl_malloc=yes
ac_cv_have_decl_mbrlen=yes
ac_cv_have_decl_mbrtowc=yes
ac_cv_have_decl_mbsinit=yes
ac_cv_have_decl_mbsnrtowcs=yes
ac_cv_have_decl_mbsrtowcs=yes
ac_cv_have_decl_memmem=yes
ac_cv_have_decl_mempcpy=yes
ac_cv_have_decl_memrchr=yes
ac_cv_have_decl_perror=yes
ac_cv_have_decl_ptrace=yes
ac_cv_have_decl_rawmemchr=yes
ac_cv_have_decl_realloc=yes
ac_cv_have_decl_snprintf=yes
ac_cv_have_decl_stpcpy=yes
ac_cv_have_decl_stpncpy=yes
ac_cv_have_decl_strcasestr=yes
ac_cv_have_decl_strchrnul=yes
ac_cv_have_decl_strdup=yes
ac_cv_have_decl_strerror=yes
ac_cv_have_decl_strncat=yes
ac_cv_have_decl_strndup=yes
ac_cv_have_decl_strnlen=yes
ac_cv_have_decl_strpbrk=yes
ac_cv_have_decl_strsep=yes
ac_cv_have_decl_strsignal=yes
ac_cv_have_decl_strstr=yes
ac_cv_have_decl_strtok_r=yes
ac_cv_have_decl_strverscmp=yes
ac_cv_have_decl_vasprintf=yes
ac_cv_have_decl_vsnprintf=yes
ac_cv_have_decl_wcrtomb=yes
ac_cv_have_decl_wcsnrtombs=yes
ac_cv_have_decl_wcsrtombs=yes
ac_cv_have_decl_wctob=yes
ac_cv_have_decl_wcwidth=yes
ac_cv_have_x=have_x=no
ac_cv_header_arpa_inet_h=yes
ac_cv_header_ctype_h=yes
ac_cv_header_cursesX_h=no
ac_cv_header_curses_h=yes
ac_cv_header_dirent_dirent_h=yes
ac_cv_header_dlfcn_h=yes
ac_cv_header_elf_hp_h=no
ac_cv_header_errno_h=yes
ac_cv_header_fcntl_h=yes
ac_cv_header_gnu_libc_version_h=yes
ac_cv_header_inttypes_h=yes
ac_cv_header_libunwind_h=no
ac_cv_header_libunwind_ia64_h=no
ac_cv_header_link_h=yes
ac_cv_header_linux_elf_h=yes
ac_cv_header_locale_h=yes
ac_cv_header_machine_reg_h=no
ac_cv_header_malloc_h=yes
ac_cv_header_memory_h=yes
ac_cv_header_minix_config_h=no
ac_cv_header_ncurses_h=yes
ac_cv_header_ncurses_ncurses_h=no
ac_cv_header_ncurses_term_h=no
ac_cv_header_netdb_h=yes
ac_cv_header_netinet_in_h=yes
ac_cv_header_netinet_tcp_h=yes
ac_cv_header_nlist_h=no
ac_cv_header_poll_h=yes
ac_cv_header_proc_service_h=no
ac_cv_header_pthread_h=yes
ac_cv_header_ptrace_h=no
ac_cv_header_sgtty_h=yes
ac_cv_header_signal_h=yes
ac_cv_header_stat_broken=no
ac_cv_header_stdc=yes
ac_cv_header_stddef_h=yes
ac_cv_header_stdint_h=yes
ac_cv_header_stdlib_h=yes
ac_cv_header_string_h=yes
ac_cv_header_strings_h=yes
ac_cv_header_sys_debugreg_h=yes
ac_cv_header_sys_fault_h=no
ac_cv_header_sys_file_h=yes
ac_cv_header_sys_filio_h=no
ac_cv_header_sys_ioctl_h=yes
ac_cv_header_sys_mman_h=yes
ac_cv_header_sys_param_h=yes
ac_cv_header_sys_poll_h=yes
ac_cv_header_sys_proc_h=no
ac_cv_header_sys_procfs_h=yes
ac_cv_header_sys_ptrace_h=yes
ac_cv_header_sys_reg_h=yes
ac_cv_header_sys_resource_h=yes
ac_cv_header_sys_select_h=yes
ac_cv_header_sys_socket_h=yes
ac_cv_header_sys_stat_h=yes
ac_cv_header_sys_syscall_h=yes
ac_cv_header_sys_types_h=yes
ac_cv_header_sys_user_h=yes
ac_cv_header_sys_wait_h=yes
ac_cv_header_term_h=yes
ac_cv_header_termio_h=yes
ac_cv_header_termios_h=yes
ac_cv_header_thread_db_h=yes
ac_cv_header_time_h=yes
ac_cv_header_unistd_h=yes
ac_cv_header_vfork_h=no
ac_cv_header_wait_h=yes
ac_cv_header_wchar_h=yes
ac_cv_host=x86_64-unknown-linux-gnu
ac_cv_lib_dl_dlopen=yes
ac_cv_lib_m_main=yes
ac_cv_libexpat=no
ac_cv_member_struct_reg_r_fs=no
ac_cv_member_struct_reg_r_gs=no
ac_cv_member_struct_stat_st_blksize=yes
ac_cv_member_struct_stat_st_blocks=yes
ac_cv_member_struct_thread_td_pcb=no
ac_cv_objext=o
ac_cv_path_EGREP='/bin/grep -E'
ac_cv_path_GREP=/bin/grep
ac_cv_path_mkdir=/bin/mkdir
ac_cv_path_python_prog_path=/usr/bin/python
ac_cv_prog_AR=ar
ac_cv_prog_AWK=mawk
ac_cv_prog_CC=gcc
ac_cv_prog_CPP='gcc -E'
ac_cv_prog_DLLTOOL=dlltool
ac_cv_prog_MAKE=make
ac_cv_prog_MAKEINFO='makeinfo --split-size=5000000'
ac_cv_prog_RANLIB=ranlib
ac_cv_prog_WINDRES=windres
ac_cv_prog_YACC='bison -y'
ac_cv_prog_cc_c89=
ac_cv_prog_cc_g=yes
ac_cv_prog_make_make_set=yes
ac_cv_safe_to_define___extensions__=yes
ac_cv_search_dlgetmodinfo=no
ac_cv_search_dlopen=-ldl
ac_cv_search_gethostbyname='none required'
ac_cv_search_opendir='none required'
ac_cv_search_socketpair='none required'
ac_cv_search_tgetent='none required'
ac_cv_search_waddstr=-lncurses
ac_cv_search_zlibVersion=no
ac_cv_sizeof_unsigned___int128=16
ac_cv_sizeof_unsigned_long=8
ac_cv_sizeof_unsigned_long_long=8
ac_cv_sys_file_offset_bits=no
ac_cv_sys_largefile_CC=no
ac_cv_target=x86_64-unknown-linux-gnu
ac_cv_type_long_long_int=yes
ac_cv_type_pid_t=yes
ac_cv_type_signal=void
ac_cv_type_socklen_t=yes
ac_cv_type_unsigned_long_long_int=yes
ac_cv_var__etext=yes
ac_cv_var_etext=yes
ac_cv_working_alloca_h=yes
acl_cv_hardcode_direct=no
acl_cv_hardcode_libdir_flag_spec='${wl}-rpath ${wl}$libdir'
acl_cv_hardcode_libdir_separator=
acl_cv_hardcode_minus_L=no
acl_cv_libext=a
acl_cv_path_LD=ld
acl_cv_prog_gnu_ld=yes
acl_cv_rpath=done
acl_cv_shlibext=so
acl_cv_wl=-Wl,
am_cv_CC_dependencies_compiler_type=gcc3
am_cv_build_libiconv_path=
am_cv_func_iconv=yes
am_cv_langinfo_codeset=yes
am_cv_lib_iconv=no
am_cv_prog_cc_stdc=
am_cv_proto_iconv='extern size_t iconv (iconv_t cd, char * *inbuf, size_t *inbytesleft, char * *outbuf, size_t *outbytesleft);'
am_cv_proto_iconv_arg1=
am_cv_use_build_libiconv=no
am_cv_val_LC_MESSAGES=yes
bfd_cv_have_sys_procfs_type_elf_fpregset_t=yes
bfd_cv_have_sys_procfs_type_fpregset_t=no
bfd_cv_have_sys_procfs_type_gregset_t=no
bfd_cv_have_sys_procfs_type_lwpid_t=yes
bfd_cv_have_sys_procfs_type_pr_sigaction64_t=no
bfd_cv_have_sys_procfs_type_pr_siginfo64_t=no
bfd_cv_have_sys_procfs_type_pr_sigset_t=no
bfd_cv_have_sys_procfs_type_prfpregset32_t=no
bfd_cv_have_sys_procfs_type_prfpregset_t=yes
bfd_cv_have_sys_procfs_type_prgregset32_t=no
bfd_cv_have_sys_procfs_type_prgregset_t=yes
bfd_cv_have_sys_procfs_type_prrun_t=no
bfd_cv_have_sys_procfs_type_prsysent_t=no
bfd_cv_have_sys_procfs_type_psaddr_t=yes
bfd_cv_have_sys_procfs_type_pstatus_t=no
gdb_cv_c_long_double=yes
gdb_cv_c_long_long=yes
gdb_cv_func_ptrace_args=int,int,long,long
gdb_cv_func_ptrace_ret=long
gdb_cv_func_sigsetjmp=yes
gdb_cv_have_gnu_regex=yes
gdb_cv_have_makeinfo_click=yes
gdb_cv_have_procfs_piocset=no
gdb_cv_have_pt_getdbregs=no
gdb_cv_have_pt_getxmmregs=no
gdb_cv_have_ptrace_getfpxregs=yes
gdb_cv_have_ptrace_getregs=yes
gdb_cv_have_struct_link_map32=no
gdb_cv_have_struct_link_map_with_l_members=yes
gdb_cv_have_struct_link_map_with_lm_members=no
gdb_cv_have_struct_so_map_with_som_members=no
gdb_cv_os_cygwin=no
gdb_cv_prfpregset_t_broken=no
gdb_cv_printf_has_decfloat=no
gdb_cv_printf_has_long_double=yes
gdb_cv_printf_has_long_long=yes
gdb_cv_scanf_has_long_double=yes
gdb_cv_struct_lwp=no
gdb_cv_struct_reg=no
gdb_cv_sys_syscall_h_has_tkill=yes
gdb_cv_thread_db_h_has_td_notalloc=yes
gdb_cv_thread_db_h_has_td_notls=yes
gdb_cv_thread_db_h_has_td_version=yes
gdb_cv_var_elf=yes
gdbsrv_cv_have_personality=true
gdbsrv_cv_have_ptrace_getfpxregs=yes
gdbsrv_cv_have_ptrace_getregs=yes
gdbsrv_cv_have_sync_builtins=yes
gdbsrv_cv_have_td_version=yes
gdbsrv_cv_have_visibility_hidden=yes
gl_cv_c_multiarch=no
gl_cv_decl_null_works=yes
gl_cv_func_memchr_works=yes
gl_cv_func_memmem_works=yes
gl_cv_have_include_next=yes
gl_cv_have_raw_decl_btowc=yes
gl_cv_have_raw_decl_mbrlen=yes
gl_cv_have_raw_decl_mbrtowc=yes
gl_cv_have_raw_decl_mbsinit=yes
gl_cv_have_raw_decl_mbsnrtowcs=yes
gl_cv_have_raw_decl_mbsrtowcs=yes
gl_cv_have_raw_decl_memmem=yes
gl_cv_have_raw_decl_mempcpy=yes
gl_cv_have_raw_decl_memrchr=yes
gl_cv_have_raw_decl_rawmemchr=yes
gl_cv_have_raw_decl_stpcpy=yes
gl_cv_have_raw_decl_stpncpy=yes
gl_cv_have_raw_decl_strcasestr=yes
gl_cv_have_raw_decl_strchrnul=yes
gl_cv_have_raw_decl_strdup=yes
gl_cv_have_raw_decl_strncat=yes
gl_cv_have_raw_decl_strndup=yes
gl_cv_have_raw_decl_strnlen=yes
gl_cv_have_raw_decl_strpbrk=yes
gl_cv_have_raw_decl_strsep=yes
gl_cv_have_raw_decl_strsignal=yes
gl_cv_have_raw_decl_strtok_r=yes
gl_cv_have_raw_decl_strverscmp=yes
gl_cv_have_raw_decl_wcrtomb=yes
gl_cv_have_raw_decl_wcsnrtombs=yes
gl_cv_have_raw_decl_wcsrtombs=yes
gl_cv_have_raw_decl_wctob=yes
gl_cv_have_raw_decl_wcwidth=yes
gl_cv_header_wchar_h_correct_inline=yes
gl_cv_header_working_stdint_h=yes
gl_cv_next_stdint_h='<stdint.h>'
gl_cv_next_string_h='<string.h>'
gl_cv_next_wchar_h='<wchar.h>'
gt_cv_c_wchar_t=yes
gt_cv_c_wint_t=yes

## ----------------- ##
## Output variables. ##
## ----------------- ##

ACLOCAL='${SHELL} /home/sylee/Downloads/ofdebugger/missing --run aclocal-1.11'
ALLOCA=''
AMDEPBACKSLASH='\'
AMDEP_FALSE='#'
AMDEP_TRUE=''
AMTAR='${SHELL} /home/sylee/Downloads/ofdebugger/missing --run tar'
APPLE_UNIVERSAL_BUILD='0'
AR='ar'
AUTOCONF='${SHELL} /home/sylee/Downloads/ofdebugger/missing --run autoconf'
AUTOHEADER='${SHELL} /home/sylee/Downloads/ofdebugger/missing --run autoheader'
AUTOMAKE='${SHELL} /home/sylee/Downloads/ofdebugger/missing --run automake-1.11'
AWK='mawk'
BITSIZEOF_PTRDIFF_T=''
BITSIZEOF_SIG_ATOMIC_T=''
BITSIZEOF_SIZE_T=''
BITSIZEOF_WCHAR_T=''
BITSIZEOF_WINT_T=''
CATALOGS=''
CATOBJEXT='.gmo'
CC='gcc'
CCDEPMODE='depmode=gcc3'
CFLAGS='-g -O2'
CONFIG_ALL=' all-po all-tui'
CONFIG_CLEAN=' clean-po clean-tui'
CONFIG_DEPS=' $(SUBDIR_CLI_DEPS) $(SUBDIR_MI_DEPS) $(SUBDIR_TUI_DEPS)'
CONFIG_INSTALL=' install-po install-tui'
CONFIG_LDFLAGS=''
CONFIG_OBS=' $(SUBDIR_CLI_OBS) $(SUBDIR_MI_OBS) $(SUBDIR_TUI_OBS) python.o py-value.o py-prettyprint.o py-auto-load.o elfread.o posix-hdep.o'
CONFIG_SRCS=' $(SUBDIR_CLI_SRCS) $(SUBDIR_MI_SRCS) $(SUBDIR_TUI_SRCS) python/python.c python/py-value.c 	python/py-prettyprint.c python/py-auto-load.c'
CONFIG_UNINSTALL=' uninstall-po uninstall-tui'
CPP='gcc -E'
CPPFLAGS=' '
CYGPATH_W='echo'
DATADIRNAME='share'
DEBUGDIR='${exec_prefix}/lib/debug'
DEFS='-DHAVE_CONFIG_H'
DEPDIR='.deps'
DLLTOOL='dlltool'
ECHO_C=''
ECHO_N='-n'
ECHO_T=''
EGREP='/bin/grep -E'
ENABLE_CFLAGS=' $(SUBDIR_CLI_CFLAGS) $(SUBDIR_MI_CFLAGS) $(SUBDIR_TUI_CFLAGS)'
EXEEXT=''
GDBTKLIBS=''
GDBTK_CFLAGS=''
GDBTK_SRC_DIR=''
GDB_DATADIR='${datarootdir}/gdb'
GDB_NM_FILE='config/nm-linux.h'
GENCAT='gencat'
GL_COND_LIBTOOL_FALSE=''
GL_COND_LIBTOOL_TRUE='#'
GMAKE_FALSE='#'
GMAKE_TRUE=''
GMSGFMT=':'
GNULIB_BTOWC='0'
GNULIB_MBRLEN='0'
GNULIB_MBRTOWC='0'
GNULIB_MBSCASECMP='0'
GNULIB_MBSCASESTR='0'
GNULIB_MBSCHR='0'
GNULIB_MBSCSPN='0'
GNULIB_MBSINIT='0'
GNULIB_MBSLEN='0'
GNULIB_MBSNCASECMP='0'
GNULIB_MBSNLEN='0'
GNULIB_MBSNRTOWCS='0'
GNULIB_MBSPBRK='0'
GNULIB_MBSPCASECMP='0'
GNULIB_MBSRCHR='0'
GNULIB_MBSRTOWCS='0'
GNULIB_MBSSEP='0'
GNULIB_MBSSPN='0'
GNULIB_MBSSTR='0'
GNULIB_MBSTOK_R='0'
GNULIB_MEMCHR='1'
GNULIB_MEMMEM='1'
GNULIB_MEMPCPY='0'
GNULIB_MEMRCHR='0'
GNULIB_RAWMEMCHR='0'
GNULIB_STDINT_H=''
GNULIB_STPCPY='0'
GNULIB_STPNCPY='0'
GNULIB_STRCASESTR='0'
GNULIB_STRCHRNUL='0'
GNULIB_STRDUP='0'
GNULIB_STRERROR='0'
GNULIB_STRNCAT='0'
GNULIB_STRNDUP='0'
GNULIB_STRNLEN='0'
GNULIB_STRPBRK='0'
GNULIB_STRSEP='0'
GNULIB_STRSIGNAL='0'
GNULIB_STRSTR='0'
GNULIB_STRTOK_R='0'
GNULIB_STRVERSCMP='0'
GNULIB_WCRTOMB='0'
GNULIB_WCSNRTOMBS='0'
GNULIB_WCSRTOMBS='0'
GNULIB_WCTOB='0'
GNULIB_WCWIDTH='0'
GREP='/bin/grep'
GUI_CFLAGS_X='-I./../libgui/src'
HAVE_BTOWC='1'
HAVE_DECL_MEMMEM='1'
HAVE_DECL_MEMRCHR='1'
HAVE_DECL_STRDUP='1'
HAVE_DECL_STRNDUP='1'
HAVE_DECL_STRNLEN='1'
HAVE_DECL_STRSIGNAL='1'
HAVE_DECL_STRTOK_R='1'
HAVE_DECL_WCTOB='1'
HAVE_DECL_WCWIDTH='1'
HAVE_INTTYPES_H='1'
HAVE_LIBEXPAT='no'
HAVE_LONG_LONG_INT='1'
HAVE_MBRLEN='1'
HAVE_MBRTOWC='1'
HAVE_MBSINIT='1'
HAVE_MBSLEN='0'
HAVE_MBSNRTOWCS='1'
HAVE_MBSRTOWCS='1'
HAVE_MEMCHR='1'
HAVE_MEMPCPY='1'
HAVE_RAWMEMCHR='1'
HAVE_SIGNED_SIG_ATOMIC_T=''
HAVE_SIGNED_WCHAR_T=''
HAVE_SIGNED_WINT_T=''
HAVE_STDINT_H='1'
HAVE_STPCPY='1'
HAVE_STPNCPY='1'
HAVE_STRCASESTR='1'
HAVE_STRCHRNUL='1'
HAVE_STRPBRK='1'
HAVE_STRSEP='1'
HAVE_STRVERSCMP='1'
HAVE_SYS_BITYPES_H=''
HAVE_SYS_INTTYPES_H=''
HAVE_SYS_TYPES_H='1'
HAVE_UNSIGNED_LONG_LONG_INT='1'
HAVE_WCHAR_H='1'
HAVE_WCHAR_T='1'
HAVE_WCRTOMB='1'
HAVE_WCSNRTOMBS='1'
HAVE_WCSRTOMBS='1'
HAVE_WINT_T='1'
INCINTL=''
INCLUDE_NEXT='include_next'
INCLUDE_NEXT_AS_FIRST_DIRECTIVE='include_next'
INSTALL_DATA='/usr/bin/install -c -m 644'
INSTALL_PROGRAM='/usr/bin/install -c'
INSTALL_SCRIPT='/usr/bin/install -c'
INSTALL_STRIP_PROGRAM='$(install_sh) -c -s'
INSTOBJEXT='.mo'
JIT_READER_DIR='${exec_prefix}/lib/gdb'
LDFLAGS=' '
LIBEXPAT=''
LIBGNU_LIBDEPS=''
LIBGNU_LTLIBDEPS=''
LIBGUI='../libgui/src/libgui.a'
LIBINTL=''
LIBINTL_DEP=''
LIBOBJS=''
LIBS='-ldl -lncurses -lm   '
LN_S='ln -s'
LTLIBEXPAT=''
LTLIBOBJS=''
MAINT='#'
MAINTAINER_MODE_FALSE=''
MAINTAINER_MODE_TRUE='#'
MAKE='make'
MAKEINFO='makeinfo --split-size=5000000'
MAKEINFOFLAGS='--split-size=5000000'
MAKEINFO_EXTRA_FLAGS=' -DHAVE_MAKEINFO_CLICK'
MIG=''
MKDIR_P='/bin/mkdir -p'
NEXT_AS_FIRST_DIRECTIVE_STDDEF_H=''
NEXT_AS_FIRST_DIRECTIVE_STDINT_H='<stdint.h>'
NEXT_AS_FIRST_DIRECTIVE_STRING_H='<string.h>'
NEXT_AS_FIRST_DIRECTIVE_WCHAR_H='<wchar.h>'
NEXT_STDDEF_H=''
NEXT_STDINT_H='<stdint.h>'
NEXT_STRING_H='<string.h>'
NEXT_WCHAR_H='<wchar.h>'
OBJEXT='o'
PACKAGE='gdb'
PACKAGE_BUGREPORT=''
PACKAGE_NAME=''
PACKAGE_STRING=''
PACKAGE_TARNAME=''
PACKAGE_URL=''
PACKAGE_VERSION=''
PATH_SEPARATOR=':'
PKGVERSION='(GDB) '
POSUB='po'
PRAGMA_SYSTEM_HEADER='#pragma GCC system_header'
PROFILE_CFLAGS=''
PTRDIFF_T_SUFFIX=''
PYTHON_CFLAGS=''
PYTHON_CPPFLAGS=''
PYTHON_LIBS=''
RANLIB='ranlib'
RDYNAMIC='-Wl,--dynamic-list=$(srcdir)/proc-service.list'
READLINE='$(READLINE_DIR)/libreadline.a'
READLINE_CFLAGS='-I$(READLINE_SRC)/..'
READLINE_DEPS='$(READLINE)'
READLINE_TEXI_INCFLAG='-I $(READLINE_DIR)'
REPLACE_BTOWC='0'
REPLACE_MBRLEN='0'
REPLACE_MBRTOWC='0'
REPLACE_MBSINIT='0'
REPLACE_MBSNRTOWCS='0'
REPLACE_MBSRTOWCS='0'
REPLACE_MBSTATE_T='0'
REPLACE_MEMCHR='0'
REPLACE_MEMMEM='0'
REPLACE_NULL='0'
REPLACE_STPNCPY='0'
REPLACE_STRCASESTR='0'
REPLACE_STRDUP='0'
REPLACE_STRERROR='0'
REPLACE_STRNCAT='0'
REPLACE_STRNDUP='0'
REPLACE_STRNLEN='0'
REPLACE_STRSIGNAL='0'
REPLACE_STRSTR='0'
REPLACE_STRTOK_R='0'
REPLACE_WCRTOMB='0'
REPLACE_WCSNRTOMBS='0'
REPLACE_WCSRTOMBS='0'
REPLACE_WCTOB='0'
REPLACE_WCWIDTH='0'
REPORT_BUGS_TEXI='@uref{http://www.gnu.org/software/gdb/bugs/}'
REPORT_BUGS_TO='<http://www.gnu.org/software/gdb/bugs/>'
SER_HARDWIRE='ser-base.o ser-unix.o ser-pipe.o ser-tcp.o'
SET_MAKE=''
SHELL='/bin/bash'
SIG_ATOMIC_T_SUFFIX=''
SIM=''
SIM_OBS=''
SIZE_T_SUFFIX=''
STDDEF_H=''
STDINT_H=''
STRIP='strip'
SYSTEM_GDBINIT=''
TARGET_OBS=' amd64-tdep.o amd64-linux-tdep.o i386-tdep.o i387-tdep.o i386-linux-tdep.o glibc-tdep.o solib.o solib-svr4.o corelow.o symfile-mem.o linux-tdep.o linux-record.o'
TARGET_PTR='unsigned long'
TARGET_SYSTEM_ROOT=''
TARGET_SYSTEM_ROOT_DEFINE='-DTARGET_SYSTEM_ROOT=\"\" -DTARGET_SYSTEM_ROOT_RELOCATABLE=0'
TCL_BIN_DIR=''
TCL_DEPS=''
TCL_INCLUDE=''
TCL_LIBRARY=''
TCL_LIB_FILE=''
TCL_LIB_FLAG=''
TCL_LIB_SPEC=''
TCL_PATCH_LEVEL=''
TCL_SRC_DIR=''
TCL_STUB_LIB_FILE=''
TCL_STUB_LIB_FLAG=''
TCL_STUB_LIB_SPEC=''
TCL_VERSION=''
TK_BIN_DIR=''
TK_DEPS=''
TK_INCLUDE=''
TK_LIBRARY=''
TK_LIB_FILE=''
TK_LIB_FLAG=''
TK_LIB_SPEC=''
TK_SRC_DIR=''
TK_STUB_LIB_FILE=''
TK_STUB_LIB_FLAG=''
TK_STUB_LIB_SPEC=''
TK_VERSION=''
TK_XINCLUDES=''
UNDEFINE_STRTOK_R='0'
USE_NLS='yes'
VERSION='UNUSED-VERSION'
WARN_CFLAGS=' -Wall -Wdeclaration-after-statement -Wpointer-arith -Wformat-nonliteral -Wno-pointer-sign -Wno-unused -Wunused-value -Wunused-function -Wno-switch -Wno-char-subscripts'
WCHAR_T_SUFFIX=''
WERROR_CFLAGS=''
WIN32LDAPP=''
WIN32LIBS=''
WINDRES='windres'
WINT_T_SUFFIX=''
XGETTEXT=':'
XMKMF=''
X_CFLAGS=''
X_LDFLAGS=''
X_LIBS=''
YACC='bison -y'
YFLAGS=''
ac_ct_CC=''
am__EXEEXT_FALSE=''
am__EXEEXT_TRUE='#'
am__fastdepCC_FALSE='#'
am__fastdepCC_TRUE=''
am__include='include'
am__isrc=''
am__leading_dot='.'
am__quote=''
am__tar='${AMTAR} chof - "$$tardir"'
am__untar='${AMTAR} xf -'
bindir='${exec_prefix}/bin'
build='x86_64-unknown-linux-gnu'
build_alias='x86_64-unknown-linux-gnu'
build_cpu='x86_64'
build_os='linux-gnu'
build_vendor='unknown'
datadir='${datarootdir}'
datarootdir='${prefix}/share'
docdir='${datarootdir}/doc/${PACKAGE}'
dvidir='${docdir}'
exec_prefix='${prefix}'
frags=' ./config/i386/linux64.mh'
gl_LIBOBJS=''
gl_LTLIBOBJS=''
gltests_LIBOBJS=''
gltests_LTLIBOBJS=''
gltests_WITNESS='IN__GNULIB_TESTS'
host='x86_64-unknown-linux-gnu'
host_alias='x86_64-unknown-linux-gnu'
host_cpu='x86_64'
host_os='linux-gnu'
host_vendor='unknown'
htmldir='${docdir}'
includedir='${prefix}/include'
infodir='${datarootdir}/info'
install_sh='${SHELL} /home/sylee/Downloads/ofdebugger/install-sh'
libdir='${exec_prefix}/lib'
libexecdir='${exec_prefix}/libexec'
localedir='${datadir}/locale'
localstatedir='${prefix}/var'
mandir='${datarootdir}/man'
mkdir_p='/bin/mkdir -p'
oldincludedir='/usr/include'
pdfdir='${docdir}'
prefix='/usr/local'
program_transform_name='s,y,y,'
psdir='${docdir}'
python_prog_path='/usr/bin/python'
sbindir='${exec_prefix}/sbin'
sharedstatedir='${prefix}/com'
subdirs=' testsuite gdbserver'
sysconfdir='${prefix}/etc'
target='x86_64-unknown-linux-gnu'
target_alias='x86_64-unknown-linux-gnu'
target_cpu='x86_64'
target_os='linux-gnu'
target_subdir=''
target_vendor='unknown'

## ------------------- ##
## File substitutions. ##
## ------------------- ##

host_makefile_frag='./config/i386/linux64.mh'

## ----------- ##
## confdefs.h. ##
## ----------- ##

/* confdefs.h */
#define PACKAGE_NAME ""
#define PACKAGE_TARNAME ""
#define PACKAGE_VERSION ""
#define PACKAGE_STRING ""
#define PACKAGE_BUGREPORT ""
#define PACKAGE_URL ""
#define STDC_HEADERS 1
#define HAVE_SYS_TYPES_H 1
#define HAVE_SYS_STAT_H 1
#define HAVE_STDLIB_H 1
#define HAVE_STRING_H 1
#define HAVE_MEMORY_H 1
#define HAVE_STRINGS_H 1
#define HAVE_INTTYPES_H 1
#define HAVE_STDINT_H 1
#define HAVE_UNISTD_H 1
#define __EXTENSIONS__ 1
#define _ALL_SOURCE 1
#define _GNU_SOURCE 1
#define _POSIX_PTHREAD_SEMANTICS 1
#define _TANDEM_SOURCE 1
#define ENABLE_NLS 1
#define HAVE_SYS_MMAN_H 1
#define HAVE_STDDEF_H 1
#define HAVE_STDINT_H 1
#define HAVE_WCHAR_H 1
#define HAVE_STRING_H 1
#define HAVE_MPROTECT 1
#define HAVE_MEMCHR 1
#define HAVE_MAP_ANONYMOUS 1
#define HAVE_DECL_MEMMEM 1
#define HAVE_MEMMEM 1
#define HAVE_WCHAR_T 1
#define HAVE_LONG_LONG_INT 1
#define HAVE_UNSIGNED_LONG_LONG_INT 1
#define restrict __restrict
#define HAVE_RAW_DECL_MEMMEM 1
#define HAVE_RAW_DECL_MEMPCPY 1
#define HAVE_RAW_DECL_MEMRCHR 1
#define HAVE_RAW_DECL_RAWMEMCHR 1
#define HAVE_RAW_DECL_STPCPY 1
#define HAVE_RAW_DECL_STPNCPY 1
#define HAVE_RAW_DECL_STRCHRNUL 1
#define HAVE_RAW_DECL_STRDUP 1
#define HAVE_RAW_DECL_STRNCAT 1
#define HAVE_RAW_DECL_STRNDUP 1
#define HAVE_RAW_DECL_STRNLEN 1
#define HAVE_RAW_DECL_STRPBRK 1
#define HAVE_RAW_DECL_STRSEP 1
#define HAVE_RAW_DECL_STRCASESTR 1
#define HAVE_RAW_DECL_STRTOK_R 1
#define HAVE_RAW_DECL_STRSIGNAL 1
#define HAVE_RAW_DECL_STRVERSCMP 1
#define HAVE_WINT_T 1
#define GNULIB_TEST_MEMCHR 1
#define HAVE_MEMMEM 1
#define GNULIB_TEST_MEMMEM 1
#define HAVE_RAW_DECL_BTOWC 1
#define HAVE_RAW_DECL_WCTOB 1
#define HAVE_RAW_DECL_MBSINIT 1
#define HAVE_RAW_DECL_MBRTOWC 1
#define HAVE_RAW_DECL_MBRLEN 1
#define HAVE_RAW_DECL_MBSRTOWCS 1
#define HAVE_RAW_DECL_MBSNRTOWCS 1
#define HAVE_RAW_DECL_WCRTOMB 1
#define HAVE_RAW_DECL_WCSRTOMBS 1
#define HAVE_RAW_DECL_WCSNRTOMBS 1
#define HAVE_RAW_DECL_WCWIDTH 1
#define PACKAGE "gdb"
#define DEBUGDIR "/usr/local/lib/debug"
#define DEBUGDIR_RELOCATABLE 1
#define GDB_DATADIR "/usr/local/share/gdb"
#define GDB_DATADIR_RELOCATABLE 1
#define DEFAULT_BFD_ARCH bfd_i386_arch
#define DEFAULT_BFD_VEC bfd_elf64_x86_64_vec
#define HAVE_MONSTARTUP 1
#define HAVE__MCLEANUP 1
#define HAVE__ETEXT 1
#define HAVE_ETEXT 1
#define PKGVERSION "(GDB) "
#define REPORT_BUGS_TO "<http://www.gnu.org/software/gdb/bugs/>"
#define HAVE_LIBM 1
#define HAVE_ICONV 1
#define ICONV_CONST 
#define SIZEOF_UNSIGNED_LONG_LONG 8
#define SIZEOF_UNSIGNED_LONG 8
#define SIZEOF_UNSIGNED___INT128 16
#define JIT_READER_DIR "/usr/local/lib/gdb"
#define JIT_READER_DIR_RELOCATABLE 1
#define HAVE_DIRENT_H 1
#define STDC_HEADERS 1
#define HAVE_POLL_H 1
#define HAVE_SYS_POLL_H 1
#define HAVE_THREAD_DB_H 1
#define HAVE_GNU_LIBC_VERSION_H 1
#define HAVE_SIGNAL_H 1
#define HAVE_STDDEF_H 1
#define HAVE_STDLIB_H 1
#define HAVE_STRING_H 1
#define HAVE_MEMORY_H 1
#define HAVE_STRINGS_H 1
#define HAVE_SYS_FILE_H 1
#define HAVE_SYS_IOCTL_H 1
#define HAVE_SYS_PARAM_H 1
#define HAVE_SYS_RESOURCE_H 1
#define HAVE_SYS_PROCFS_H 1
#define HAVE_SYS_PTRACE_H 1
#define HAVE_SYS_REG_H 1
#define HAVE_SYS_DEBUGREG_H 1
#define HAVE_SYS_SELECT_H 1
#define HAVE_SYS_SYSCALL_H 1
#define HAVE_SYS_TYPES_H 1
#define HAVE_SYS_WAIT_H 1
#define HAVE_WAIT_H 1
#define HAVE_TERMIOS_H 1
#define HAVE_TERMIO_H 1
#define HAVE_SGTTY_H 1
#define HAVE_UNISTD_H 1
#define HAVE_CTYPE_H 1
#define HAVE_TIME_H 1
#define HAVE_LOCALE_H 1
#define HAVE_DLFCN_H 1
#define HAVE_LINK_H 1
#define HAVE_SYS_USER_H 1
#define HAVE_CURSES_H 1
#define HAVE_NCURSES_H 1
#define HAVE_TERM_H 1
#define HAVE_DECL_FREE 1
#define HAVE_DECL_MALLOC 1
#define HAVE_DECL_REALLOC 1
#define HAVE_DECL_STRERROR 1
#define HAVE_DECL_STRSTR 1
#define HAVE_DECL_GETOPT 1
#define HAVE_DECL_SNPRINTF 1
#define HAVE_DECL_VSNPRINTF 1
#define HAVE_LC_MESSAGES 1
#define HAVE_STRUCT_STAT_ST_BLOCKS 1
#define HAVE_STRUCT_STAT_ST_BLKSIZE 1
#define RETSIGTYPE void
#define HAVE_SOCKLEN_T 1
#define HAVE_ALLOCA_H 1
#define HAVE_ALLOCA 1
#define HAVE_STDLIB_H 1
#define HAVE_UNISTD_H 1
#define HAVE_GETPAGESIZE 1
#define HAVE_MMAP 1
#define HAVE_FORK 1
#define HAVE_VFORK 1
#define HAVE_WORKING_VFORK 1
#define HAVE_WORKING_FORK 1
#define HAVE_CANONICALIZE_FILE_NAME 1
#define HAVE_REALPATH 1
#define HAVE_GETRUSAGE 1
#define HAVE_GETUID 1
#define HAVE_GETGID 1
#define HAVE_PIPE 1
#define HAVE_POLL 1
#define HAVE_PREAD64 1
#define HAVE_RESIZE_TERM 1
#define HAVE_SBRK 1
#define HAVE_SETPGID 1
#define HAVE_SETPGRP 1
#define HAVE_SETSID 1
#define HAVE_SIGACTION 1
#define HAVE_SIGPROCMASK 1
#define HAVE_SIGSETMASK 1
#define HAVE_SOCKETPAIR 1
#define HAVE_SYSCALL 1
#define HAVE_WBORDER 1
#define HAVE_WRESIZE 1
#define HAVE_SETLOCALE 1
#define HAVE_BTOWC 1
#define HAVE_SETRLIMIT 1
#define HAVE_GETRLIMIT 1
#define HAVE_POSIX_MADVISE 1
#define HAVE_WAITPID 1
#define HAVE_LANGINFO_CODESET 1
#define HAVE_DECL_PTRACE 1
#define PTRACE_TYPE_RET long
#define PTRACE_TYPE_ARG3 long
#define SETPGRP_VOID 1
#define HAVE_SIGSETJMP 1
#define HAVE_PTRACE_GETREGS 1
#define HAVE_PTRACE_GETFPXREGS 1
#define HAVE_PRGREGSET_T 1
#define HAVE_PRFPREGSET_T 1
#define HAVE_LWPID_T 1
#define HAVE_PSADDR_T 1
#define HAVE_STRUCT_LINK_MAP_WITH_L_MEMBERS 1
#define CC_HAS_LONG_LONG 1
#define PRINTF_HAS_LONG_LONG 1
#define HAVE_LONG_DOUBLE 1
#define PRINTF_HAS_LONG_DOUBLE 1
#define SCANF_HAS_LONG_DOUBLE 1
#define THREAD_DB_HAS_TD_NOTALLOC 1
#define THREAD_DB_HAS_TD_VERSION 1
#define THREAD_DB_HAS_TD_NOTLS 1
#define HAVE_TKILL_SYSCALL 1
#define HAVE_DECL_ADDR_NO_RANDOMIZE 1
#define HAVE_PERSONALITY 1
#define SYSTEM_GDBINIT ""
#define SYSTEM_GDBINIT_RELOCATABLE 0
#define HAVE_ELF 1
#define GDB_HOST_FLOAT_FORMAT 0
#define GDB_HOST_DOUBLE_FORMAT 0
#define GDB_HOST_LONG_DOUBLE_FORMAT 0
#define GDB_OSABI_DEFAULT GDB_OSABI_LINUX
#define GDB_NM_FILE "config/nm-linux.h"
#define GDB_DEFAULT_HOST_CHARSET "UTF-8"

configure: exit 0

## ---------------------- ##
## Running config.status. ##
## ---------------------- ##

This file was extended by config.status, which was
generated by GNU Autoconf 2.64.  Invocation command line was

  CONFIG_FILES    = Makefile
  CONFIG_HEADERS  = 
  CONFIG_LINKS    = 
  CONFIG_COMMANDS = 
  $ config.status 

on ubuntu

config.status:1346: creating Makefile
config.status:1583: linking config/nm-linux.h to nm.h

## ---------------------- ##
## Running config.status. ##
## ---------------------- ##

This file was extended by config.status, which was
generated by GNU Autoconf 2.64.  Invocation command line was

  CONFIG_FILES    = 
  CONFIG_HEADERS  = 
  CONFIG_LINKS    = 
  CONFIG_COMMANDS = 
  $ ./config.status doc/Makefile

on ubuntu

config.status:1346: creating doc/Makefile

## ---------------------- ##
## Running config.status. ##
## ---------------------- ##

This file was extended by config.status, which was
generated by GNU Autoconf 2.64.  Invocation command line was

  CONFIG_FILES    = data-directory/Makefile
  CONFIG_HEADERS  = 
  CONFIG_LINKS    = 
  CONFIG_COMMANDS = depfiles
  $ config.status 

on ubuntu

config.status:1346: creating data-directory/Makefile
config.status:1602: executing depfiles commands
