This file contains any messages produced by compilers while
running configure, to aid debugging if configure makes a mistake.

It was created by readline configure 6.2, which was
generated by GNU Autoconf 2.64.  Invocation command line was

  $ /home/sylee/Downloads/gdb-7.4/readline/configure --cache-file=./config.cache --with-system-zlib --program-transform-name=s,y,y, --disable-option-checking --build=x86_64-unknown-linux-gnu --host=x86_64-unknown-linux-gnu --target=x86_64-unknown-linux-gnu --srcdir=.././readline

## --------- ##
## Platform. ##
## --------- ##

hostname = ubuntu
uname -m = x86_64
uname -r = 3.8.0-29-generic
uname -s = Linux
uname -v = #42~precise1-Ubuntu SMP Wed Aug 14 16:19:23 UTC 2013

/usr/bin/uname -p = unknown
/bin/uname -X     = unknown

/bin/arch              = unknown
/usr/bin/arch -k       = unknown
/usr/convex/getsysinfo = unknown
/usr/bin/hostinfo      = unknown
/bin/machine           = unknown
/usr/bin/oslevel       = unknown
/bin/universe          = unknown

PATH: /home/sylee/Tibero/tibero4/bin
PATH: /home/sylee/Tibero/tibero4/client/bin
PATH: /opt/microfocus/cobol/bin
PATH: /home/sylee/workspace/install/bin
PATH: /usr/local/sbin
PATH: /usr/local/bin
PATH: /usr/sbin
PATH: /usr/bin
PATH: /sbin
PATH: /bin
PATH: /usr/games
PATH: /home/sylee/openframe/bin
PATH: /home/sylee/openframe/util
PATH: /home/sylee/openframe/core/bin
PATH: /home/sylee/openframe/prosort/bin


## ----------- ##
## Core tests. ##
## ----------- ##

configure:2100: loading cache ./config.cache
configure:2220: checking build system type
configure:2234: result: x86_64-unknown-linux-gnu
configure:2254: checking host system type
configure:2267: result: x86_64-unknown-linux-gnu
configure:2367: checking whether make sets $(MAKE)
configure:2389: result: yes
configure:2406: checking for x86_64-unknown-linux-gnu-gcc
configure:2433: result: gcc
configure:2702: checking for C compiler version
configure:2711: gcc --version >&5
gcc (Ubuntu/Linaro 4.6.3-1ubuntu5) 4.6.3
Copyright (C) 2011 Free Software Foundation, Inc.
This is free software; see the source for copying conditions.  There is NO
warranty; not even for MERCHANTABILITY or FITNESS FOR A PARTICULAR PURPOSE.

configure:2722: $? = 0
configure:2711: gcc -v >&5
Using built-in specs.
COLLECT_GCC=gcc
COLLECT_LTO_WRAPPER=/usr/lib/gcc/x86_64-linux-gnu/4.6/lto-wrapper
Target: x86_64-linux-gnu
Configured with: ../src/configure -v --with-pkgversion='Ubuntu/Linaro 4.6.3-1ubuntu5' --with-bugurl=file:///usr/share/doc/gcc-4.6/README.Bugs --enable-languages=c,c++,fortran,objc,obj-c++ --prefix=/usr --program-suffix=-4.6 --enable-shared --enable-linker-build-id --with-system-zlib --libexecdir=/usr/lib --without-included-gettext --enable-threads=posix --with-gxx-include-dir=/usr/include/c++/4.6 --libdir=/usr/lib --enable-nls --with-sysroot=/ --enable-clocale=gnu --enable-libstdcxx-debug --enable-libstdcxx-time=yes --enable-gnu-unique-object --enable-plugin --enable-objc-gc --disable-werror --with-arch-32=i686 --with-tune=generic --enable-checking=release --build=x86_64-linux-gnu --host=x86_64-linux-gnu --target=x86_64-linux-gnu
Thread model: posix
gcc version 4.6.3 (Ubuntu/Linaro 4.6.3-1ubuntu5) 
configure:2722: $? = 0
configure:2711: gcc -V >&5
gcc: error: unrecognized option '-V'
gcc: fatal error: no input files
compilation terminated.
configure:2722: $? = 4
configure:2711: gcc -qversion >&5
gcc: error: unrecognized option '-qversion'
gcc: fatal error: no input files
compilation terminated.
configure:2722: $? = 4
configure:2742: checking for C compiler default output file name
configure:2764: gcc -g -O2    conftest.c  >&5
configure:2768: $? = 0
configure:2805: result: a.out
configure:2821: checking whether the C compiler works
configure:2830: ./a.out
configure:2834: $? = 0
configure:2849: result: yes
configure:2856: checking whether we are cross compiling
configure:2858: result: no
configure:2861: checking for suffix of executables
configure:2868: gcc -o conftest -g -O2    conftest.c  >&5
configure:2872: $? = 0
configure:2894: result: 
configure:2900: checking for suffix of object files
configure:2947: result: o
configure:2951: checking whether we are using the GNU C compiler
configure:2979: result: yes
configure:2988: checking whether gcc accepts -g
configure:3049: result: yes
configure:3066: checking for gcc option to accept ISO C89
configure:3143: result: none needed
configure:3169: checking how to run the C preprocessor
configure:3239: result: gcc -E
configure:3259: gcc -E  conftest.c
configure:3259: $? = 0
configure:3273: gcc -E  conftest.c
conftest.c:9:28: fatal error: ac_nonexistent.h: No such file or directory
compilation terminated.
configure:3273: $? = 1
configure: failed program was:
| /* confdefs.h */
| #define PACKAGE_NAME "readline"
| #define PACKAGE_TARNAME "readline"
| #define PACKAGE_VERSION "6.2"
| #define PACKAGE_STRING "readline 6.2"
| #define PACKAGE_BUGREPORT "bug-readline@gnu.org"
| #define PACKAGE_URL ""
| /* end confdefs.h.  */
| #include <ac_nonexistent.h>
configure:3302: checking for grep that handles long lines and -e
configure:3360: result: /bin/grep
configure:3365: checking for egrep
configure:3427: result: /bin/grep -E
configure:3432: checking for ANSI C header files
configure:3536: result: yes
configure:3549: checking for sys/types.h
configure:3549: result: yes
configure:3549: checking for sys/stat.h
configure:3549: result: yes
configure:3549: checking for stdlib.h
configure:3549: result: yes
configure:3549: checking for string.h
configure:3549: result: yes
configure:3549: checking for memory.h
configure:3549: result: yes
configure:3549: checking for strings.h
configure:3549: result: yes
configure:3549: checking for inttypes.h
configure:3549: result: yes
configure:3549: checking for stdint.h
configure:3549: result: yes
configure:3549: checking for unistd.h
configure:3549: result: yes
configure:3563: checking for minix/config.h
configure:3563: result: no
configure:3584: checking whether it is safe to define __EXTENSIONS__
configure:3609: result: yes
configure:3629: checking whether gcc needs -traditional
configure:3663: result: no
configure:3684: checking for a BSD-compatible install
configure:3752: result: /usr/bin/install -c
configure:3765: checking for ar
configure:3793: result: ar
configure:3805: checking for x86_64-unknown-linux-gnu-ranlib
configure:3832: result: ranlib
configure:3898: checking for an ANSI C-conforming const
configure:3970: result: yes
configure:3978: checking for function prototypes
configure:3981: result: yes
configure:3994: checking whether char is unsigned
configure:4019: result: no
configure:4026: checking for working volatile
configure:4052: result: yes
configure:4061: checking return type of signal handlers
configure:4086: result: void
configure:4095: checking for size_t
configure:4095: result: yes
configure:4106: checking for ssize_t
configure:4106: result: yes
configure:4118: checking for ANSI C header files
configure:4222: result: yes
configure:4231: checking whether stat file-mode macros are broken
configure:4265: result: no
configure:4276: checking for dirent.h that defines DIR
configure:4303: result: yes
configure:4317: checking for library containing opendir
configure:4365: result: none required
configure:4436: checking for fcntl
configure:4436: result: yes
configure:4436: checking for kill
configure:4436: result: yes
configure:4436: checking for lstat
configure:4436: result: yes
configure:4450: checking for memmove
configure:4450: result: yes
configure:4450: checking for putenv
configure:4450: result: yes
configure:4450: checking for select
configure:4450: result: yes
configure:4450: checking for setenv
configure:4450: result: yes
configure:4450: checking for setlocale
configure:4450: result: yes
configure:4450: checking for strcasecmp
configure:4450: result: yes
configure:4450: checking for strpbrk
configure:4450: result: yes
configure:4450: checking for tcgetattr
configure:4450: result: yes
configure:4450: checking for vsnprintf
configure:4450: result: yes
configure:4463: checking for isascii
configure:4463: result: yes
configure:4463: checking for isxdigit
configure:4463: result: yes
configure:4476: checking for getpwent
configure:4476: result: yes
configure:4476: checking for getpwnam
configure:4476: result: yes
configure:4476: checking for getpwuid
configure:4476: result: yes
configure:4487: checking for working strcoll
configure:4518: result: yes
configure:4531: checking for fcntl.h
configure:4531: result: yes
configure:4531: checking for unistd.h
configure:4531: result: yes
configure:4531: checking for stdlib.h
configure:4531: result: yes
configure:4531: checking for varargs.h
configure:4531: result: no
configure:4531: checking for stdarg.h
configure:4531: result: yes
configure:4531: checking for string.h
configure:4531: result: yes
configure:4531: checking for strings.h
configure:4531: result: yes
configure:4531: checking for limits.h
configure:4531: result: yes
configure:4531: checking for locale.h
configure:4531: result: yes
configure:4531: checking for pwd.h
configure:4531: result: yes
configure:4531: checking for memory.h
configure:4531: result: yes
configure:4531: checking for termcap.h
configure:4531: result: no
configure:4531: checking for termios.h
configure:4531: result: yes
configure:4531: checking for termio.h
configure:4531: result: yes
configure:4545: checking for sys/pte.h
configure:4545: result: no
configure:4545: checking for sys/stream.h
configure:4545: result: no
configure:4545: checking for sys/select.h
configure:4545: result: yes
configure:4545: checking for sys/file.h
configure:4545: result: yes
configure:4559: checking for sys/ptem.h
configure:4559: result: no
configure:4582: checking for special C compiler options needed for large files
configure:4627: result: no
configure:4633: checking for _FILE_OFFSET_BITS value needed for large files
configure:4690: result: no
configure:4775: checking for type of signal functions
configure:4856: result: posix
configure:4871: checking if signal handlers must be reinstalled when invoked
configure:4940: result: no
configure:4949: checking for presence of POSIX-style sigsetjmp/siglongjmp
configure:5012: result: present
configure:5019: checking for lstat
configure:5046: result: yes
configure:5054: checking whether or not strcoll and strcmp differ
configure:5115: result: no
configure:5123: checking whether the ctype macros accept non-ascii characters
configure:5179: result: no
configure:5187: checking whether getpw functions are declared in pwd.h
configure:5212: result: yes
configure:5220: checking whether termios.h defines TIOCGWINSZ
configure:5243: result: no
configure:5247: checking whether sys/ioctl.h defines TIOCGWINSZ
configure:5270: result: yes
configure:5281: checking for sig_atomic_t in signal.h
configure:5307: result: yes
configure:5324: checking whether signal handlers are of type void
configure:5355: result: yes
configure:5363: checking for TIOCSTAT in sys/ioctl.h
configure:5388: result: no
configure:5395: checking for FIONREAD in sys/ioctl.h
configure:5420: result: yes
configure:5427: checking for speed_t in sys/types.h
configure:5451: result: no
configure:5458: checking for struct winsize in sys/ioctl.h and termios.h
configure:5502: result: sys/ioctl.h
configure:5517: checking for struct dirent.d_ino
configure:5563: result: yes
configure:5571: checking for struct dirent.d_fileno
configure:5617: result: yes
configure:5632: checking which library has the termcap functions
configure:5816: result: using gnutermcap
configure:5850: checking for wctype.h
configure:5850: result: yes
configure:5862: checking for wchar.h
configure:5862: result: yes
configure:5874: checking for langinfo.h
configure:5874: result: yes
configure:5885: checking for mbrlen
configure:5885: result: yes
configure:5891: checking for mbscasecmp
configure:5891: result: no
configure:5897: checking for mbscmp
configure:5897: result: no
configure:5903: checking for mbsnrtowcs
configure:5903: result: yes
configure:5909: checking for mbsrtowcs
configure:5909: result: yes
configure:5919: checking for mbschr
configure:5919: result: no
configure:5937: checking for wcrtomb
configure:5937: result: yes
configure:5943: checking for wcscoll
configure:5943: result: yes
configure:5949: checking for wcsdup
configure:5949: result: yes
configure:5955: checking for wcwidth
configure:5955: result: yes
configure:5961: checking for wctype
configure:5961: result: yes
configure:5970: checking for wcswidth
configure:5970: result: yes
configure:5989: checking whether mbrtowc and mbstate_t are properly declared
configure:6017: result: yes
configure:6033: checking for iswlower
configure:6033: result: yes
configure:6033: checking for iswupper
configure:6033: result: yes
configure:6033: checking for towlower
configure:6033: result: yes
configure:6033: checking for towupper
configure:6033: result: yes
configure:6033: checking for iswctype
configure:6033: result: yes
configure:6044: checking for nl_langinfo and CODESET
configure:6068: result: yes
configure:6075: checking for wchar_t in wchar.h
configure:6102: result: yes
configure:6110: checking for wctype_t in wctype.h
configure:6136: result: yes
configure:6144: checking for wint_t in wctype.h
configure:6170: result: yes
configure:6212: checking configuration for building shared libraries
configure:6236: result: supported
configure:6401: creating ./config.status

## ---------------------- ##
## Running config.status. ##
## ---------------------- ##

This file was extended by readline config.status 6.2, which was
generated by GNU Autoconf 2.64.  Invocation command line was

  CONFIG_FILES    = 
  CONFIG_HEADERS  = 
  CONFIG_LINKS    = 
  CONFIG_COMMANDS = 
  $ ./config.status 

on ubuntu

config.status:926: creating Makefile
config.status:926: creating doc/Makefile
config.status:926: creating examples/Makefile
config.status:926: creating shlib/Makefile
config.status:926: creating config.h
config.status:1092: config.h is unchanged
config.status:1106: executing default commands

## ---------------- ##
## Cache variables. ##
## ---------------- ##

ac_cv_build=x86_64-unknown-linux-gnu
ac_cv_c_char_unsigned=no
ac_cv_c_compiler_gnu=yes
ac_cv_c_const=yes
ac_cv_c_volatile=yes
ac_cv_env_CC_set=set
ac_cv_env_CC_value=gcc
ac_cv_env_CFLAGS_set=set
ac_cv_env_CFLAGS_value='-g -O2'
ac_cv_env_CPPFLAGS_set=
ac_cv_env_CPPFLAGS_value=
ac_cv_env_CPP_set=
ac_cv_env_CPP_value=
ac_cv_env_LDFLAGS_set=set
ac_cv_env_LDFLAGS_value=' '
ac_cv_env_LIBS_set=
ac_cv_env_LIBS_value=
ac_cv_env_build_alias_set=set
ac_cv_env_build_alias_value=x86_64-unknown-linux-gnu
ac_cv_env_host_alias_set=set
ac_cv_env_host_alias_value=x86_64-unknown-linux-gnu
ac_cv_env_target_alias_set=set
ac_cv_env_target_alias_value=x86_64-unknown-linux-gnu
ac_cv_func_fcntl=yes
ac_cv_func_getpwent=yes
ac_cv_func_getpwnam=yes
ac_cv_func_getpwuid=yes
ac_cv_func_isascii=yes
ac_cv_func_iswctype=yes
ac_cv_func_iswlower=yes
ac_cv_func_iswupper=yes
ac_cv_func_isxdigit=yes
ac_cv_func_kill=yes
ac_cv_func_lstat=yes
ac_cv_func_mbrlen=yes
ac_cv_func_mbrtowc=yes
ac_cv_func_mbscasecmp=no
ac_cv_func_mbschr=no
ac_cv_func_mbscmp=no
ac_cv_func_mbsnrtowcs=yes
ac_cv_func_mbsrtowcs=yes
ac_cv_func_memmove=yes
ac_cv_func_putenv=yes
ac_cv_func_select=yes
ac_cv_func_setenv=yes
ac_cv_func_setlocale=yes
ac_cv_func_strcasecmp=yes
ac_cv_func_strcoll_works=yes
ac_cv_func_strpbrk=yes
ac_cv_func_tcgetattr=yes
ac_cv_func_tgetent=no
ac_cv_func_towlower=yes
ac_cv_func_towupper=yes
ac_cv_func_vsnprintf=yes
ac_cv_func_wcrtomb=yes
ac_cv_func_wcscoll=yes
ac_cv_func_wcsdup=yes
ac_cv_func_wcswidth=yes
ac_cv_func_wctype=yes
ac_cv_func_wcwidth=yes
ac_cv_have_sig_atomic_t=yes
ac_cv_header_dirent_dirent_h=yes
ac_cv_header_fcntl_h=yes
ac_cv_header_inttypes_h=yes
ac_cv_header_langinfo_h=yes
ac_cv_header_limits_h=yes
ac_cv_header_locale_h=yes
ac_cv_header_memory_h=yes
ac_cv_header_minix_config_h=no
ac_cv_header_pwd_h=yes
ac_cv_header_stat_broken=no
ac_cv_header_stdarg_h=yes
ac_cv_header_stdc=yes
ac_cv_header_stdint_h=yes
ac_cv_header_stdlib_h=yes
ac_cv_header_string_h=yes
ac_cv_header_strings_h=yes
ac_cv_header_sys_file_h=yes
ac_cv_header_sys_pte_h=no
ac_cv_header_sys_ptem_h=no
ac_cv_header_sys_select_h=yes
ac_cv_header_sys_stat_h=yes
ac_cv_header_sys_stream_h=no
ac_cv_header_sys_types_h=yes
ac_cv_header_termcap_h=no
ac_cv_header_termio_h=yes
ac_cv_header_termios_h=yes
ac_cv_header_unistd_h=yes
ac_cv_header_varargs_h=no
ac_cv_header_wchar_h=yes
ac_cv_header_wctype_h=yes
ac_cv_host=x86_64-unknown-linux-gnu
ac_cv_lib_curses_tgetent=no
ac_cv_lib_ncurses_tgetent=no
ac_cv_lib_termcap_tgetent=no
ac_cv_lib_tinfo_tgetent=no
ac_cv_objext=o
ac_cv_path_EGREP='/bin/grep -E'
ac_cv_path_GREP=/bin/grep
ac_cv_prog_AR=ar
ac_cv_prog_CC=gcc
ac_cv_prog_CPP='gcc -E'
ac_cv_prog_RANLIB=ranlib
ac_cv_prog_cc_c89=
ac_cv_prog_cc_g=yes
ac_cv_prog_gcc_traditional=no
ac_cv_prog_make_make_set=yes
ac_cv_safe_to_define___extensions__=yes
ac_cv_search_opendir='none required'
ac_cv_sys_file_offset_bits=no
ac_cv_sys_largefile_CC=no
ac_cv_sys_tiocgwinsz_in_sys_ioctl_h=yes
ac_cv_sys_tiocgwinsz_in_termios_h=no
ac_cv_type_signal=void
ac_cv_type_size_t=yes
ac_cv_type_ssize_t=yes
bash_cv_dirent_has_d_fileno=yes
bash_cv_dirent_has_dino=yes
bash_cv_fionread_in_ioctl=yes
bash_cv_func_ctype_nonascii=no
bash_cv_func_lstat=yes
bash_cv_func_sigsetjmp=present
bash_cv_func_strcoll_broken=no
bash_cv_getpw_declared=yes
bash_cv_langinfo_codeset=yes
bash_cv_must_reinstall_sighandlers=no
bash_cv_signal_vintage=posix
bash_cv_speed_t_in_sys_types=no
bash_cv_struct_winsize_header=ioctl_h
bash_cv_termcap_lib=gnutermcap
bash_cv_tiocstat_in_ioctl=no
bash_cv_type_wchar_t=yes
bash_cv_type_wctype_t=yes
bash_cv_type_wint_t=yes
bash_cv_void_sighandler=yes

## ----------------- ##
## Output variables. ##
## ----------------- ##

AR='ar'
ARFLAGS='cr'
BUILD_DIR='/home/sylee/Downloads/gdb-7.4/readline'
CC='gcc'
CFLAGS='-g -O2'
CPP='gcc -E'
CPPFLAGS=''
CROSS_COMPILE=''
DEFS='-DHAVE_CONFIG_H'
ECHO_C=''
ECHO_N='-n'
ECHO_T=''
EGREP='/bin/grep -E'
EXEEXT=''
GREP='/bin/grep'
INSTALL_DATA='/usr/bin/install -c -m 644'
INSTALL_PROGRAM='/usr/bin/install -c'
INSTALL_SCRIPT='/usr/bin/install -c'
LDFLAGS='  -L./lib/termcap'
LIBOBJS=' ${LIBOBJDIR}mbschr$U.o'
LIBS=''
LIBVERSION='6.2'
LOCAL_CFLAGS=''
LOCAL_DEFS=''
LOCAL_LDFLAGS=''
LTLIBOBJS=' ${LIBOBJDIR}mbschr$U.lo'
MAKE_SHELL='/bin/sh'
OBJEXT='o'
PACKAGE_BUGREPORT='bug-readline@gnu.org'
PACKAGE_NAME='readline'
PACKAGE_STRING='readline 6.2'
PACKAGE_TARNAME='readline'
PACKAGE_URL=''
PACKAGE_VERSION='6.2'
PATH_SEPARATOR=':'
PURIFY=''
RANLIB='ranlib'
SET_MAKE=''
SHARED_INSTALL_TARGET=''
SHARED_TARGET=''
SHELL='/bin/bash'
SHLIB_DLLVERSION='$(SHLIB_MAJOR)'
SHLIB_DOT='.'
SHLIB_LIBPREF='lib'
SHLIB_LIBS=''
SHLIB_LIBSUFF='so'
SHLIB_LIBVERSION='$(SHLIB_LIBSUFF).$(SHLIB_MAJOR)$(SHLIB_MINOR)'
SHLIB_MAJOR='6'
SHLIB_MINOR='2'
SHLIB_STATUS='supported'
SHLIB_XLDFLAGS='-Wl,-rpath,$(libdir) -Wl,-soname,`basename $@ $(SHLIB_MINOR)`'
SHOBJ_CC='gcc'
SHOBJ_CFLAGS='-fPIC'
SHOBJ_LD='${CC}'
SHOBJ_LDFLAGS='-shared -Wl,-soname,$@'
SHOBJ_LIBS=''
SHOBJ_STATUS='supported'
SHOBJ_XLDFLAGS=''
STATIC_INSTALL_TARGET='install-static'
STATIC_TARGET='static'
TERMCAP_LIB='-ltermcap'
ac_ct_CC=''
bindir='${exec_prefix}/bin'
build='x86_64-unknown-linux-gnu'
build_alias='x86_64-unknown-linux-gnu'
build_cpu='x86_64'
build_os='linux-gnu'
build_vendor='unknown'
datadir='${datarootdir}'
datarootdir='${prefix}/share'
docdir='${datarootdir}/doc/${PACKAGE_TARNAME}'
dvidir='${docdir}'
exec_prefix='${prefix}'
host='x86_64-unknown-linux-gnu'
host_alias='x86_64-unknown-linux-gnu'
host_cpu='x86_64'
host_os='linux-gnu'
host_vendor='unknown'
htmldir='${docdir}'
includedir='${prefix}/include'
infodir='${datarootdir}/info'
libdir='${exec_prefix}/lib'
libexecdir='${exec_prefix}/libexec'
localedir='${datarootdir}/locale'
localstatedir='${prefix}/var'
mandir='${datarootdir}/man'
oldincludedir='/usr/include'
pdfdir='${docdir}'
prefix='/usr/local'
program_transform_name='s,y,y,'
psdir='${docdir}'
sbindir='${exec_prefix}/sbin'
sharedstatedir='${prefix}/com'
sysconfdir='${prefix}/etc'
target_alias='x86_64-unknown-linux-gnu'

## ----------- ##
## confdefs.h. ##
## ----------- ##

/* confdefs.h */
#define PACKAGE_NAME "readline"
#define PACKAGE_TARNAME "readline"
#define PACKAGE_VERSION "6.2"
#define PACKAGE_STRING "readline 6.2"
#define PACKAGE_BUGREPORT "bug-readline@gnu.org"
#define PACKAGE_URL ""
#define STDC_HEADERS 1
#define HAVE_SYS_TYPES_H 1
#define HAVE_SYS_STAT_H 1
#define HAVE_STDLIB_H 1
#define HAVE_STRING_H 1
#define HAVE_MEMORY_H 1
#define HAVE_STRINGS_H 1
#define HAVE_INTTYPES_H 1
#define HAVE_STDINT_H 1
#define HAVE_UNISTD_H 1
#define __EXTENSIONS__ 1
#define _ALL_SOURCE 1
#define _GNU_SOURCE 1
#define _POSIX_PTHREAD_SEMANTICS 1
#define _TANDEM_SOURCE 1
#define PROTOTYPES 1
#define __PROTOTYPES 1
#define RETSIGTYPE void
#define STDC_HEADERS 1
#define HAVE_DIRENT_H 1
#define HAVE_FCNTL 1
#define HAVE_KILL 1
#define HAVE_LSTAT 1
#define HAVE_MEMMOVE 1
#define HAVE_PUTENV 1
#define HAVE_SELECT 1
#define HAVE_SETENV 1
#define HAVE_SETLOCALE 1
#define HAVE_STRCASECMP 1
#define HAVE_STRPBRK 1
#define HAVE_TCGETATTR 1
#define HAVE_VSNPRINTF 1
#define HAVE_ISASCII 1
#define HAVE_ISXDIGIT 1
#define HAVE_GETPWENT 1
#define HAVE_GETPWNAM 1
#define HAVE_GETPWUID 1
#define HAVE_STRCOLL 1
#define HAVE_FCNTL_H 1
#define HAVE_UNISTD_H 1
#define HAVE_STDLIB_H 1
#define HAVE_STDARG_H 1
#define HAVE_STRING_H 1
#define HAVE_STRINGS_H 1
#define HAVE_LIMITS_H 1
#define HAVE_LOCALE_H 1
#define HAVE_PWD_H 1
#define HAVE_MEMORY_H 1
#define HAVE_TERMIOS_H 1
#define HAVE_TERMIO_H 1
#define HAVE_SYS_SELECT_H 1
#define HAVE_SYS_FILE_H 1
#define HAVE_POSIX_SIGNALS 1
#define HAVE_POSIX_SIGSETJMP 1
#define HAVE_LSTAT 1
#define HAVE_GETPW_DECLS 1
#define GWINSZ_IN_SYS_IOCTL 1
#define VOID_SIGHANDLER 1
#define FIONREAD_IN_SYS_IOCTL 1
#define STRUCT_WINSIZE_IN_SYS_IOCTL 1
#define HAVE_STRUCT_DIRENT_D_INO 1
#define HAVE_STRUCT_DIRENT_D_FILENO 1
#define HAVE_WCTYPE_H 1
#define HAVE_WCHAR_H 1
#define HAVE_LANGINFO_H 1
#define HAVE_MBRLEN 1
#define HAVE_MBSNRTOWCS 1
#define HAVE_MBSRTOWCS 1
#define HAVE_WCRTOMB 1
#define HAVE_WCSCOLL 1
#define HAVE_WCSDUP 1
#define HAVE_WCWIDTH 1
#define HAVE_WCTYPE 1
#define HAVE_WCSWIDTH 1
#define HAVE_MBRTOWC 1
#define HAVE_MBSTATE_T 1
#define HAVE_ISWLOWER 1
#define HAVE_ISWUPPER 1
#define HAVE_TOWLOWER 1
#define HAVE_TOWUPPER 1
#define HAVE_ISWCTYPE 1
#define HAVE_LANGINFO_CODESET 1
#define HAVE_WCHAR_T 1
#define HAVE_WCTYPE_T 1
#define HAVE_WINT_T 1

configure: exit 0

## ---------------------- ##
## Running config.status. ##
## ---------------------- ##

This file was extended by readline config.status 6.2, which was
generated by GNU Autoconf 2.64.  Invocation command line was

  CONFIG_FILES    = Makefile
  CONFIG_HEADERS  = 
  CONFIG_LINKS    = 
  CONFIG_COMMANDS = 
  $ ./config.status 

on ubuntu

config.status:926: creating Makefile
config.status:1106: executing default commands
